This is pdfTeX, Version 3.14159265-2.6-1.40.20 (TeX Live 2019/Debian) (preloaded format=pdflatex 2023.2.5)  2 JUN 2023 19:15
entering extended mode
 restricted \write18 enabled.
 file:line:error style messages enabled.
 %&-line parsing enabled.
**/mnt/c/Users/Gabriel/Documents/Agregation/Dossier_Didactique_GLD/Dossier/Dossier_De_Recherche_GLD.tex
(/mnt/c/Users/Gabriel/Documents/Agregation/Dossier_Didactique_GLD/Dossier/Dossier_De_Recherche_GLD.tex
LaTeX2e <2020-02-02> patch level 2
L3 programming layer <2020-02-14> (/usr/share/texlive/texmf-dist/tex/latex/base/article.cls
Document Class: article 2019/12/20 v1.4l Standard LaTeX document class
(/usr/share/texlive/texmf-dist/tex/latex/base/size10.clo
File: size10.clo 2019/12/20 v1.4l Standard LaTeX file (size option)
)
\c@part=\count167
\c@section=\count168
\c@subsection=\count169
\c@subsubsection=\count170
\c@paragraph=\count171
\c@subparagraph=\count172
\c@figure=\count173
\c@table=\count174
\abovecaptionskip=\skip47
\belowcaptionskip=\skip48
\bibindent=\dimen134
) (/mnt/c/Users/Gabriel/Documents/Agregation/Dossier_Didactique_GLD/Dossier/pckg.tex (/usr/share/texlive/texmf-dist/tex/latex/base/inputenc.sty
Package: inputenc 2018/08/11 v1.3c Input encoding file
\inpenc@prehook=\toks14
\inpenc@posthook=\toks15
) (/usr/share/texlive/texmf-dist/tex/latex/base/fontenc.sty
Package: fontenc 2020/02/11 v2.0o Standard LaTeX package
) (/usr/share/texlive/texmf-dist/tex/generic/babel/babel.sty
Package: babel 2020/02/14 3.40 The Babel package
 (/usr/share/texlive/texmf-dist/tex/generic/babel/switch.def
File: switch.def 2020/02/14 3.40 Babel switching mechanism
) (/usr/share/texlive/texmf-dist/tex/generic/babel-french/french.ldf
Language: french 2020/01/30 v3.5g French support from the babel system
 (/usr/share/texlive/texmf-dist/tex/generic/babel/babel.def
File: babel.def 2020/02/14 3.40 Babel common definitions
\babel@savecnt=\count175
\U@D=\dimen135
 (/usr/share/texlive/texmf-dist/tex/generic/babel/txtbabel.def)
\bbl@readstream=\read2
\bbl@dirlevel=\count176
)
Package babel Info: \l@acadian = using hyphenrules for french
(babel)             (\language12) on input line 91.
Package babel Info: \l@canadien = using hyphenrules for french
(babel)             (\language12) on input line 92.
\FB@nonchar=\count177
Package babel Info: Making : an active character on input line 419.
Package babel Info: Making ; an active character on input line 420.
Package babel Info: Making ! an active character on input line 421.
Package babel Info: Making ? an active character on input line 422.
\FBguill@level=\count178
\FBold@everypar=\toks16
\FB@Mht=\dimen136
\mc@charclass=\count179
\mc@charfam=\count180
\mc@charslot=\count181
\std@mcc=\count182
\dec@mcc=\count183
\c@FBcaption@count=\count184
\listindentFB=\dimen137
\descindentFB=\dimen138
\labelindentFB=\dimen139
\labelwidthFB=\dimen140
\leftmarginFB=\dimen141
\parindentFFN=\dimen142
\FBfnindent=\dimen143
)) (/usr/share/texlive/texmf-dist/tex/latex/carlisle/scalefnt.sty) (/usr/share/texlive/texmf-dist/tex/latex/graphics/keyval.sty
Package: keyval 2014/10/28 v1.15 key=value parser (DPC)
\KV@toks@=\toks17
) (/usr/share/texlive/texmf-dist/tex/latex/caption/caption.sty
Package: caption 2020/01/03 v3.4h Customizing captions (AR)
 (/usr/share/texlive/texmf-dist/tex/latex/caption/caption3.sty
Package: caption3 2020/01/03 v1.8h caption3 kernel (AR)
Package caption3 Info: TeX engine: e-TeX on input line 61.
\captionmargin=\dimen144
\captionmargin@=\dimen145
\captionwidth=\dimen146
\caption@tempdima=\dimen147
\caption@indent=\dimen148
\caption@parindent=\dimen149
\caption@hangindent=\dimen150
Package caption Info: Standard document class detected.
)
\c@caption@flags=\count185
\c@continuedfloat=\count186
) (/usr/share/texlive/texmf-dist/tex/latex/caption/subcaption.sty
Package: subcaption 2020/01/22 v1.3d Sub-captions (AR)
\c@subfigure=\count187
\c@subtable=\count188
) (/usr/share/texlive/texmf-dist/tex/latex/mathtools/mathtools.sty
Package: mathtools 2020/01/17 v1.23 mathematical typesetting tools
 (/usr/share/texlive/texmf-dist/tex/latex/tools/calc.sty
Package: calc 2017/05/25 v4.3 Infix arithmetic (KKT,FJ)
\calc@Acount=\count189
\calc@Bcount=\count190
\calc@Adimen=\dimen151
\calc@Bdimen=\dimen152
\calc@Askip=\skip49
\calc@Bskip=\skip50
LaTeX Info: Redefining \setlength on input line 80.
LaTeX Info: Redefining \addtolength on input line 81.
\calc@Ccount=\count191
\calc@Cskip=\skip51
) (/usr/share/texlive/texmf-dist/tex/latex/mathtools/mhsetup.sty
Package: mhsetup 2017/03/31 v1.3 programming setup (MH)
) (/usr/share/texlive/texmf-dist/tex/latex/amsmath/amsmath.sty
Package: amsmath 2020/01/20 v2.17e AMS math features
\@mathmargin=\skip52

For additional information on amsmath, use the `?' option.
(/usr/share/texlive/texmf-dist/tex/latex/amsmath/amstext.sty
Package: amstext 2000/06/29 v2.01 AMS text
 (/usr/share/texlive/texmf-dist/tex/latex/amsmath/amsgen.sty
File: amsgen.sty 1999/11/30 v2.0 generic functions
\@emptytoks=\toks18
\ex@=\dimen153
)) (/usr/share/texlive/texmf-dist/tex/latex/amsmath/amsbsy.sty
Package: amsbsy 1999/11/29 v1.2d Bold Symbols
\pmbraise@=\dimen154
) (/usr/share/texlive/texmf-dist/tex/latex/amsmath/amsopn.sty
Package: amsopn 2016/03/08 v2.02 operator names
)
\inf@bad=\count192
LaTeX Info: Redefining \frac on input line 227.
\uproot@=\count193
\leftroot@=\count194
LaTeX Info: Redefining \overline on input line 389.
\classnum@=\count195
\DOTSCASE@=\count196
LaTeX Info: Redefining \ldots on input line 486.
LaTeX Info: Redefining \dots on input line 489.
LaTeX Info: Redefining \cdots on input line 610.
\Mathstrutbox@=\box45
\strutbox@=\box46
\big@size=\dimen155
LaTeX Font Info:    Redeclaring font encoding OML on input line 733.
LaTeX Font Info:    Redeclaring font encoding OMS on input line 734.
\macc@depth=\count197
\c@MaxMatrixCols=\count198
\dotsspace@=\muskip16
\c@parentequation=\count199
\dspbrk@lvl=\count266
\tag@help=\toks19
\row@=\count267
\column@=\count268
\maxfields@=\count269
\andhelp@=\toks20
\eqnshift@=\dimen156
\alignsep@=\dimen157
\tagshift@=\dimen158
\tagwidth@=\dimen159
\totwidth@=\dimen160
\lineht@=\dimen161
\@envbody=\toks21
\multlinegap=\skip53
\multlinetaggap=\skip54
\mathdisplay@stack=\toks22
LaTeX Info: Redefining \[ on input line 2859.
LaTeX Info: Redefining \] on input line 2860.
)
LaTeX Info: Thecontrolsequence`\('isalreadyrobust on input line 129.
LaTeX Info: Thecontrolsequence`\)'isalreadyrobust on input line 129.
LaTeX Info: Thecontrolsequence`\['isalreadyrobust on input line 129.
LaTeX Info: Thecontrolsequence`\]'isalreadyrobust on input line 129.
\g_MT_multlinerow_int=\count270
\l_MT_multwidth_dim=\dimen162
\origjot=\skip55
\l_MT_shortvdotswithinadjustabove_dim=\dimen163
\l_MT_shortvdotswithinadjustbelow_dim=\dimen164
\l_MT_above_intertext_sep=\dimen165
\l_MT_below_intertext_sep=\dimen166
\l_MT_above_shortintertext_sep=\dimen167
\l_MT_below_shortintertext_sep=\dimen168
) (/usr/share/texlive/texmf-dist/tex/latex/amsfonts/amssymb.sty
Package: amssymb 2013/01/14 v3.01 AMS font symbols
 (/usr/share/texlive/texmf-dist/tex/latex/amsfonts/amsfonts.sty
Package: amsfonts 2013/01/14 v3.01 Basic AMSFonts support
\symAMSa=\mathgroup4
\symAMSb=\mathgroup5
LaTeX Font Info:    Redeclaring math symbol \hbar on input line 98.
LaTeX Font Info:    Overwriting math alphabet `\mathfrak' in version `bold'
(Font)                  U/euf/m/n --> U/euf/b/n on input line 106.
)) (/usr/share/texlive/texmf-dist/tex/latex/base/textcomp.sty
Package: textcomp 2020/02/02 v2.0n Standard LaTeX package
) (/usr/share/texlive/texmf-dist/tex/latex/was/gensymb.sty
Package: gensymb 2003/07/02 v1.0 (WaS)
) (/usr/share/texlive/texmf-dist/tex/latex/pgf/frontendlayer/tikz.sty (/usr/share/texlive/texmf-dist/tex/latex/pgf/basiclayer/pgf.sty (/usr/share/texlive/texmf-dist/tex/latex/pgf/utilities/pgfrcs.sty (/usr/share/texlive/texmf-dist/tex/generic/pgf/utilities/pgfutil-common.tex
\pgfutil@everybye=\toks23
\pgfutil@tempdima=\dimen169
\pgfutil@tempdimb=\dimen170
 (/usr/share/texlive/texmf-dist/tex/generic/pgf/utilities/pgfutil-common-lists.tex)) (/usr/share/texlive/texmf-dist/tex/generic/pgf/utilities/pgfutil-latex.def
\pgfutil@abb=\box47
 (/usr/share/texlive/texmf-dist/tex/latex/ms/everyshi.sty
Package: everyshi 2001/05/15 v3.00 EveryShipout Package (MS)
)) (/usr/share/texlive/texmf-dist/tex/generic/pgf/utilities/pgfrcs.code.tex (/usr/share/texlive/texmf-dist/tex/generic/pgf/pgf.revision.tex)
Package: pgfrcs 2020/01/08 v3.1.5b (3.1.5b)
))
Package: pgf 2020/01/08 v3.1.5b (3.1.5b)
 (/usr/share/texlive/texmf-dist/tex/latex/pgf/basiclayer/pgfcore.sty (/usr/share/texlive/texmf-dist/tex/latex/graphics/graphicx.sty
Package: graphicx 2019/11/30 v1.2a Enhanced LaTeX Graphics (DPC,SPQR)
 (/usr/share/texlive/texmf-dist/tex/latex/graphics/graphics.sty
Package: graphics 2019/11/30 v1.4a Standard LaTeX Graphics (DPC,SPQR)
 (/usr/share/texlive/texmf-dist/tex/latex/graphics/trig.sty
Package: trig 2016/01/03 v1.10 sin cos tan (DPC)
) (/usr/share/texlive/texmf-dist/tex/latex/graphics-cfg/graphics.cfg
File: graphics.cfg 2016/06/04 v1.11 sample graphics configuration
)
Package graphics Info: Driver file: pdftex.def on input line 105.
 (/usr/share/texlive/texmf-dist/tex/latex/graphics-def/pdftex.def
File: pdftex.def 2018/01/08 v1.0l Graphics/color driver for pdftex
))
\Gin@req@height=\dimen171
\Gin@req@width=\dimen172
) (/usr/share/texlive/texmf-dist/tex/latex/pgf/systemlayer/pgfsys.sty (/usr/share/texlive/texmf-dist/tex/generic/pgf/systemlayer/pgfsys.code.tex
Package: pgfsys 2020/01/08 v3.1.5b (3.1.5b)
 (/usr/share/texlive/texmf-dist/tex/generic/pgf/utilities/pgfkeys.code.tex
\pgfkeys@pathtoks=\toks24
\pgfkeys@temptoks=\toks25
 (/usr/share/texlive/texmf-dist/tex/generic/pgf/utilities/pgfkeysfiltered.code.tex
\pgfkeys@tmptoks=\toks26
))
\pgf@x=\dimen173
\pgf@y=\dimen174
\pgf@xa=\dimen175
\pgf@ya=\dimen176
\pgf@xb=\dimen177
\pgf@yb=\dimen178
\pgf@xc=\dimen179
\pgf@yc=\dimen180
\pgf@xd=\dimen181
\pgf@yd=\dimen182
\w@pgf@writea=\write3
\r@pgf@reada=\read3
\c@pgf@counta=\count271
\c@pgf@countb=\count272
\c@pgf@countc=\count273
\c@pgf@countd=\count274
\t@pgf@toka=\toks27
\t@pgf@tokb=\toks28
\t@pgf@tokc=\toks29
\pgf@sys@id@count=\count275
 (/usr/share/texlive/texmf-dist/tex/generic/pgf/systemlayer/pgf.cfg
File: pgf.cfg 2020/01/08 v3.1.5b (3.1.5b)
)
Driver file for pgf: pgfsys-pdftex.def
 (/usr/share/texlive/texmf-dist/tex/generic/pgf/systemlayer/pgfsys-pdftex.def
File: pgfsys-pdftex.def 2020/01/08 v3.1.5b (3.1.5b)
 (/usr/share/texlive/texmf-dist/tex/generic/pgf/systemlayer/pgfsys-common-pdf.def
File: pgfsys-common-pdf.def 2020/01/08 v3.1.5b (3.1.5b)
))) (/usr/share/texlive/texmf-dist/tex/generic/pgf/systemlayer/pgfsyssoftpath.code.tex
File: pgfsyssoftpath.code.tex 2020/01/08 v3.1.5b (3.1.5b)
\pgfsyssoftpath@smallbuffer@items=\count276
\pgfsyssoftpath@bigbuffer@items=\count277
) (/usr/share/texlive/texmf-dist/tex/generic/pgf/systemlayer/pgfsysprotocol.code.tex
File: pgfsysprotocol.code.tex 2020/01/08 v3.1.5b (3.1.5b)
)) (/usr/share/texlive/texmf-dist/tex/latex/xcolor/xcolor.sty
Package: xcolor 2016/05/11 v2.12 LaTeX color extensions (UK)
 (/usr/share/texlive/texmf-dist/tex/latex/graphics-cfg/color.cfg
File: color.cfg 2016/01/02 v1.6 sample color configuration
)
Package xcolor Info: Driver file: pdftex.def on input line 225.
Package xcolor Info: Model `cmy' substituted by `cmy0' on input line 1348.
Package xcolor Info: Model `hsb' substituted by `rgb' on input line 1352.
Package xcolor Info: Model `RGB' extended on input line 1364.
Package xcolor Info: Model `HTML' substituted by `rgb' on input line 1366.
Package xcolor Info: Model `Hsb' substituted by `hsb' on input line 1367.
Package xcolor Info: Model `tHsb' substituted by `hsb' on input line 1368.
Package xcolor Info: Model `HSB' substituted by `hsb' on input line 1369.
Package xcolor Info: Model `Gray' substituted by `gray' on input line 1370.
Package xcolor Info: Model `wave' substituted by `hsb' on input line 1371.
) (/usr/share/texlive/texmf-dist/tex/generic/pgf/basiclayer/pgfcore.code.tex
Package: pgfcore 2020/01/08 v3.1.5b (3.1.5b)
 (/usr/share/texlive/texmf-dist/tex/generic/pgf/math/pgfmath.code.tex (/usr/share/texlive/texmf-dist/tex/generic/pgf/math/pgfmathcalc.code.tex (/usr/share/texlive/texmf-dist/tex/generic/pgf/math/pgfmathutil.code.tex) (/usr/share/texlive/texmf-dist/tex/generic/pgf/math/pgfmathparser.code.tex
\pgfmath@dimen=\dimen183
\pgfmath@count=\count278
\pgfmath@box=\box48
\pgfmath@toks=\toks30
\pgfmath@stack@operand=\toks31
\pgfmath@stack@operation=\toks32
) (/usr/share/texlive/texmf-dist/tex/generic/pgf/math/pgfmathfunctions.code.tex (/usr/share/texlive/texmf-dist/tex/generic/pgf/math/pgfmathfunctions.basic.code.tex) (/usr/share/texlive/texmf-dist/tex/generic/pgf/math/pgfmathfunctions.trigonometric.code.tex) (/usr/share/texlive/texmf-dist/tex/generic/pgf/math/pgfmathfunctions.random.code.tex) (/usr/share/texlive/texmf-dist/tex/generic/pgf/math/pgfmathfunctions.comparison.code.tex) (/usr/share/texlive/texmf-dist/tex/generic/pgf/math/pgfmathfunctions.base.code.tex) (/usr/share/texlive/texmf-dist/tex/generic/pgf/math/pgfmathfunctions.round.code.tex) (/usr/share/texlive/texmf-dist/tex/generic/pgf/math/pgfmathfunctions.misc.code.tex) (/usr/share/texlive/texmf-dist/tex/generic/pgf/math/pgfmathfunctions.integerarithmetics.code.tex))) (/usr/share/texlive/texmf-dist/tex/generic/pgf/math/pgfmathfloat.code.tex
\c@pgfmathroundto@lastzeros=\count279
)) (/usr/share/texlive/texmf-dist/tex/generic/pgf/math/pgfint.code.tex) (/usr/share/texlive/texmf-dist/tex/generic/pgf/basiclayer/pgfcorepoints.code.tex
File: pgfcorepoints.code.tex 2020/01/08 v3.1.5b (3.1.5b)
\pgf@picminx=\dimen184
\pgf@picmaxx=\dimen185
\pgf@picminy=\dimen186
\pgf@picmaxy=\dimen187
\pgf@pathminx=\dimen188
\pgf@pathmaxx=\dimen189
\pgf@pathminy=\dimen190
\pgf@pathmaxy=\dimen191
\pgf@xx=\dimen192
\pgf@xy=\dimen193
\pgf@yx=\dimen194
\pgf@yy=\dimen195
\pgf@zx=\dimen196
\pgf@zy=\dimen197
) (/usr/share/texlive/texmf-dist/tex/generic/pgf/basiclayer/pgfcorepathconstruct.code.tex
File: pgfcorepathconstruct.code.tex 2020/01/08 v3.1.5b (3.1.5b)
\pgf@path@lastx=\dimen198
\pgf@path@lasty=\dimen199
) (/usr/share/texlive/texmf-dist/tex/generic/pgf/basiclayer/pgfcorepathusage.code.tex
File: pgfcorepathusage.code.tex 2020/01/08 v3.1.5b (3.1.5b)
\pgf@shorten@end@additional=\dimen256
\pgf@shorten@start@additional=\dimen257
) (/usr/share/texlive/texmf-dist/tex/generic/pgf/basiclayer/pgfcorescopes.code.tex
File: pgfcorescopes.code.tex 2020/01/08 v3.1.5b (3.1.5b)
\pgfpic=\box49
\pgf@hbox=\box50
\pgf@layerbox@main=\box51
\pgf@picture@serial@count=\count280
) (/usr/share/texlive/texmf-dist/tex/generic/pgf/basiclayer/pgfcoregraphicstate.code.tex
File: pgfcoregraphicstate.code.tex 2020/01/08 v3.1.5b (3.1.5b)
\pgflinewidth=\dimen258
) (/usr/share/texlive/texmf-dist/tex/generic/pgf/basiclayer/pgfcoretransformations.code.tex
File: pgfcoretransformations.code.tex 2020/01/08 v3.1.5b (3.1.5b)
\pgf@pt@x=\dimen259
\pgf@pt@y=\dimen260
\pgf@pt@temp=\dimen261
) (/usr/share/texlive/texmf-dist/tex/generic/pgf/basiclayer/pgfcorequick.code.tex
File: pgfcorequick.code.tex 2020/01/08 v3.1.5b (3.1.5b)
) (/usr/share/texlive/texmf-dist/tex/generic/pgf/basiclayer/pgfcoreobjects.code.tex
File: pgfcoreobjects.code.tex 2020/01/08 v3.1.5b (3.1.5b)
) (/usr/share/texlive/texmf-dist/tex/generic/pgf/basiclayer/pgfcorepathprocessing.code.tex
File: pgfcorepathprocessing.code.tex 2020/01/08 v3.1.5b (3.1.5b)
) (/usr/share/texlive/texmf-dist/tex/generic/pgf/basiclayer/pgfcorearrows.code.tex
File: pgfcorearrows.code.tex 2020/01/08 v3.1.5b (3.1.5b)
\pgfarrowsep=\dimen262
) (/usr/share/texlive/texmf-dist/tex/generic/pgf/basiclayer/pgfcoreshade.code.tex
File: pgfcoreshade.code.tex 2020/01/08 v3.1.5b (3.1.5b)
\pgf@max=\dimen263
\pgf@sys@shading@range@num=\count281
\pgf@shadingcount=\count282
) (/usr/share/texlive/texmf-dist/tex/generic/pgf/basiclayer/pgfcoreimage.code.tex
File: pgfcoreimage.code.tex 2020/01/08 v3.1.5b (3.1.5b)
 (/usr/share/texlive/texmf-dist/tex/generic/pgf/basiclayer/pgfcoreexternal.code.tex
File: pgfcoreexternal.code.tex 2020/01/08 v3.1.5b (3.1.5b)
\pgfexternal@startupbox=\box52
)) (/usr/share/texlive/texmf-dist/tex/generic/pgf/basiclayer/pgfcorelayers.code.tex
File: pgfcorelayers.code.tex 2020/01/08 v3.1.5b (3.1.5b)
) (/usr/share/texlive/texmf-dist/tex/generic/pgf/basiclayer/pgfcoretransparency.code.tex
File: pgfcoretransparency.code.tex 2020/01/08 v3.1.5b (3.1.5b)
) (/usr/share/texlive/texmf-dist/tex/generic/pgf/basiclayer/pgfcorepatterns.code.tex
File: pgfcorepatterns.code.tex 2020/01/08 v3.1.5b (3.1.5b)
) (/usr/share/texlive/texmf-dist/tex/generic/pgf/basiclayer/pgfcorerdf.code.tex
File: pgfcorerdf.code.tex 2020/01/08 v3.1.5b (3.1.5b)
))) (/usr/share/texlive/texmf-dist/tex/generic/pgf/modules/pgfmoduleshapes.code.tex
File: pgfmoduleshapes.code.tex 2020/01/08 v3.1.5b (3.1.5b)
\pgfnodeparttextbox=\box53
) (/usr/share/texlive/texmf-dist/tex/generic/pgf/modules/pgfmoduleplot.code.tex
File: pgfmoduleplot.code.tex 2020/01/08 v3.1.5b (3.1.5b)
) (/usr/share/texlive/texmf-dist/tex/latex/pgf/compatibility/pgfcomp-version-0-65.sty
Package: pgfcomp-version-0-65 2020/01/08 v3.1.5b (3.1.5b)
\pgf@nodesepstart=\dimen264
\pgf@nodesepend=\dimen265
) (/usr/share/texlive/texmf-dist/tex/latex/pgf/compatibility/pgfcomp-version-1-18.sty
Package: pgfcomp-version-1-18 2020/01/08 v3.1.5b (3.1.5b)
)) (/usr/share/texlive/texmf-dist/tex/latex/pgf/utilities/pgffor.sty (/usr/share/texlive/texmf-dist/tex/latex/pgf/utilities/pgfkeys.sty (/usr/share/texlive/texmf-dist/tex/generic/pgf/utilities/pgfkeys.code.tex)) (/usr/share/texlive/texmf-dist/tex/latex/pgf/math/pgfmath.sty (/usr/share/texlive/texmf-dist/tex/generic/pgf/math/pgfmath.code.tex)) (/usr/share/texlive/texmf-dist/tex/generic/pgf/utilities/pgffor.code.tex
Package: pgffor 2020/01/08 v3.1.5b (3.1.5b)
 (/usr/share/texlive/texmf-dist/tex/generic/pgf/math/pgfmath.code.tex)
\pgffor@iter=\dimen266
\pgffor@skip=\dimen267
\pgffor@stack=\toks33
\pgffor@toks=\toks34
)) (/usr/share/texlive/texmf-dist/tex/generic/pgf/frontendlayer/tikz/tikz.code.tex
Package: tikz 2020/01/08 v3.1.5b (3.1.5b)
 (/usr/share/texlive/texmf-dist/tex/generic/pgf/libraries/pgflibraryplothandlers.code.tex
File: pgflibraryplothandlers.code.tex 2020/01/08 v3.1.5b (3.1.5b)
\pgf@plot@mark@count=\count283
\pgfplotmarksize=\dimen268
)
\tikz@lastx=\dimen269
\tikz@lasty=\dimen270
\tikz@lastxsaved=\dimen271
\tikz@lastysaved=\dimen272
\tikz@lastmovetox=\dimen273
\tikz@lastmovetoy=\dimen274
\tikzleveldistance=\dimen275
\tikzsiblingdistance=\dimen276
\tikz@figbox=\box54
\tikz@figbox@bg=\box55
\tikz@tempbox=\box56
\tikz@tempbox@bg=\box57
\tikztreelevel=\count284
\tikznumberofchildren=\count285
\tikznumberofcurrentchild=\count286
\tikz@fig@count=\count287
 (/usr/share/texlive/texmf-dist/tex/generic/pgf/modules/pgfmodulematrix.code.tex
File: pgfmodulematrix.code.tex 2020/01/08 v3.1.5b (3.1.5b)
\pgfmatrixcurrentrow=\count288
\pgfmatrixcurrentcolumn=\count289
\pgf@matrix@numberofcolumns=\count290
)
\tikz@expandcount=\count291
 (/usr/share/texlive/texmf-dist/tex/generic/pgf/frontendlayer/tikz/libraries/tikzlibrarytopaths.code.tex
File: tikzlibrarytopaths.code.tex 2020/01/08 v3.1.5b (3.1.5b)
))) (/usr/share/texlive/texmf-dist/tex/latex/wrapfig/wrapfig.sty
\wrapoverhang=\dimen277
\WF@size=\dimen278
\c@WF@wrappedlines=\count292
\WF@box=\box58
\WF@everypar=\toks35
Package: wrapfig 2003/01/31  v 3.6
) (/usr/share/texlive/texmf-dist/tex/latex/tcolorbox/tcolorbox.sty
Package: tcolorbox 2019/11/15 version 4.22 text color boxes
 (/usr/share/texlive/texmf-dist/tex/latex/tools/verbatim.sty
Package: verbatim 2019/11/10 v1.5r LaTeX2e package for verbatim enhancements
\every@verbatim=\toks36
\verbatim@line=\toks37
\verbatim@in@stream=\read4
) (/usr/share/texlive/texmf-dist/tex/latex/environ/environ.sty
Package: environ 2014/05/04 v0.3 A new way to define environments
 (/usr/share/texlive/texmf-dist/tex/latex/trimspaces/trimspaces.sty
Package: trimspaces 2009/09/17 v1.1 Trim spaces around a token list
)) (/usr/share/texlive/texmf-dist/tex/latex/etoolbox/etoolbox.sty
Package: etoolbox 2019/09/21 v2.5h e-TeX tools for LaTeX (JAW)
\etb@tempcnta=\count293
)
\tcb@titlebox=\box59
\tcb@upperbox=\box60
\tcb@lowerbox=\box61
\tcb@phantombox=\box62
\c@tcbbreakpart=\count294
\c@tcblayer=\count295
\tcolorbox@number=\count296
\tcb@temp=\box63
\tcb@temp=\box64
\tcb@temp=\box65
\tcb@temp=\box66
\tcb@out=\write4
\tcb@record@out=\write5
) (/usr/share/texlive/texmf-dist/tex/latex/pgfplots/pgfplots.sty (/usr/share/texlive/texmf-dist/tex/generic/pgfplots/pgfplots.revision.tex)
Package: pgfplots 2018/03/28 v1.16 Data Visualization (1.16)
 (/usr/share/texlive/texmf-dist/tex/generic/pgfplots/pgfplots.code.tex (/usr/share/texlive/texmf-dist/tex/generic/pgfplots/pgfplotscore.code.tex
\t@pgfplots@toka=\toks38
\t@pgfplots@tokb=\toks39
\t@pgfplots@tokc=\toks40
\pgfplots@tmpa=\dimen279
\c@pgfplots@coordindex=\count297
\c@pgfplots@scanlineindex=\count298
 (/usr/share/texlive/texmf-dist/tex/generic/pgfplots/sys/pgfplotssysgeneric.code.tex)) (/usr/share/texlive/texmf-dist/tex/generic/pgfplots/libs/pgfplotslibrary.code.tex) (/usr/share/texlive/texmf-dist/tex/generic/pgfplots/oldpgfcompatib/pgfplotsoldpgfsupp_loader.code.tex (/usr/share/texlive/texmf-dist/tex/generic/pgf/libraries/pgflibraryfpu.code.tex)) (/usr/share/texlive/texmf-dist/tex/generic/pgfplots/util/pgfplotsutil.code.tex (/usr/share/texlive/texmf-dist/tex/generic/pgfplots/liststructure/pgfplotsliststructure.code.tex) (/usr/share/texlive/texmf-dist/tex/generic/pgfplots/liststructure/pgfplotsliststructureext.code.tex) (/usr/share/texlive/texmf-dist/tex/generic/pgfplots/liststructure/pgfplotsarray.code.tex
\c@pgfplotsarray@tmp=\count299
) (/usr/share/texlive/texmf-dist/tex/generic/pgfplots/liststructure/pgfplotsmatrix.code.tex) (/usr/share/texlive/texmf-dist/tex/generic/pgfplots/numtable/pgfplotstableshared.code.tex
\c@pgfplotstable@counta=\count300
\t@pgfplotstable@a=\toks41
) (/usr/share/texlive/texmf-dist/tex/generic/pgfplots/liststructure/pgfplotsdeque.code.tex) (/usr/share/texlive/texmf-dist/tex/generic/pgfplots/util/pgfplotsbinary.code.tex (/usr/share/texlive/texmf-dist/tex/generic/pgfplots/util/pgfplotsbinary.data.code.tex)) (/usr/share/texlive/texmf-dist/tex/generic/pgfplots/util/pgfplotsutil.verb.code.tex) (/usr/share/texlive/texmf-dist/tex/generic/pgfplots/libs/pgflibrarypgfplots.surfshading.code.tex
\c@pgfplotslibrarysurf@no=\count301
 (/usr/share/texlive/texmf-dist/tex/generic/pgfplots/sys/pgflibrarypgfplots.surfshading.pgfsys-pdftex.def))) (/usr/share/texlive/texmf-dist/tex/generic/pgfplots/util/pgfplotscolormap.code.tex (/usr/share/texlive/texmf-dist/tex/generic/pgfplots/util/pgfplotscolor.code.tex)) (/usr/share/texlive/texmf-dist/tex/generic/pgfplots/pgfplotsstackedplots.code.tex) (/usr/share/texlive/texmf-dist/tex/generic/pgfplots/pgfplotsplothandlers.code.tex (/usr/share/texlive/texmf-dist/tex/generic/pgfplots/pgfplotsmeshplothandler.code.tex (/usr/share/texlive/texmf-dist/tex/generic/pgfplots/pgfplotsmeshplotimage.code.tex))) (/usr/share/texlive/texmf-dist/tex/generic/pgfplots/pgfplots.scaling.code.tex) (/usr/share/texlive/texmf-dist/tex/generic/pgfplots/pgfplotscoordprocessing.code.tex) (/usr/share/texlive/texmf-dist/tex/generic/pgfplots/pgfplots.errorbars.code.tex) (/usr/share/texlive/texmf-dist/tex/generic/pgfplots/pgfplots.markers.code.tex) (/usr/share/texlive/texmf-dist/tex/generic/pgfplots/pgfplotsticks.code.tex) (/usr/share/texlive/texmf-dist/tex/generic/pgfplots/pgfplots.paths.code.tex) (/usr/share/texlive/texmf-dist/tex/generic/pgf/frontendlayer/tikz/libraries/tikzlibrarydecorations.code.tex (/usr/share/texlive/texmf-dist/tex/generic/pgf/modules/pgfmoduledecorations.code.tex
\pgfdecoratedcompleteddistance=\dimen280
\pgfdecoratedremainingdistance=\dimen281
\pgfdecoratedinputsegmentcompleteddistance=\dimen282
\pgfdecoratedinputsegmentremainingdistance=\dimen283
\pgf@decorate@distancetomove=\dimen284
\pgf@decorate@repeatstate=\count302
\pgfdecorationsegmentamplitude=\dimen285
\pgfdecorationsegmentlength=\dimen286
)
\tikz@lib@dec@box=\box67
) (/usr/share/texlive/texmf-dist/tex/generic/pgf/frontendlayer/tikz/libraries/tikzlibrarydecorations.pathmorphing.code.tex (/usr/share/texlive/texmf-dist/tex/generic/pgf/libraries/decorations/pgflibrarydecorations.pathmorphing.code.tex)) (/usr/share/texlive/texmf-dist/tex/generic/pgf/frontendlayer/tikz/libraries/tikzlibrarydecorations.pathreplacing.code.tex
(/usr/share/texlive/texmf-dist/tex/generic/pgf/libraries/decorations/pgflibrarydecorations.pathreplacing.code.tex))
\pgfplots@numplots=\count303
\pgfplots@xmin@reg=\dimen287
\pgfplots@xmax@reg=\dimen288
\pgfplots@ymin@reg=\dimen289
\pgfplots@ymax@reg=\dimen290
\pgfplots@zmin@reg=\dimen291
\pgfplots@zmax@reg=\dimen292
) (/usr/share/texlive/texmf-dist/tex/generic/pgf/frontendlayer/tikz/libraries/tikzlibraryplotmarks.code.tex
File: tikzlibraryplotmarks.code.tex 2020/01/08 v3.1.5b (3.1.5b)
 (/usr/share/texlive/texmf-dist/tex/generic/pgf/libraries/pgflibraryplotmarks.code.tex
File: pgflibraryplotmarks.code.tex 2020/01/08 v3.1.5b (3.1.5b)
))) (/usr/share/texlive/texmf-dist/tex/latex/graphics/epsfig.sty
Package: epsfig 2017/06/25 v1.7b (e)psfig emulation (SPQR)
\epsfxsize=\dimen293
\epsfysize=\dimen294
) (/usr/share/texlive/texmf-dist/tex/latex/pdfpages/pdfpages.sty
Package: pdfpages 2020/01/28 v0.5q Insert pages of external PDF documents (AM)
 (/usr/share/texlive/texmf-dist/tex/latex/base/ifthen.sty
Package: ifthen 2014/09/29 v1.1c Standard LaTeX ifthen package (DPC)
) (/usr/share/texlive/texmf-dist/tex/latex/eso-pic/eso-pic.sty
Package: eso-pic 2018/04/12 v2.0h eso-pic (RN)
 (/usr/share/texlive/texmf-dist/tex/generic/atbegshi/atbegshi.sty
Package: atbegshi 2019/12/05 v1.19 At begin shipout hook (HO)
 (/usr/share/texlive/texmf-dist/tex/generic/infwarerr/infwarerr.sty
Package: infwarerr 2019/12/03 v1.5 Providing info/warning/error messages (HO)
) (/usr/share/texlive/texmf-dist/tex/generic/ltxcmds/ltxcmds.sty
Package: ltxcmds 2019/12/15 v1.24 LaTeX kernel commands for general use (HO)
) (/usr/share/texlive/texmf-dist/tex/generic/iftex/iftex.sty
Package: iftex 2019/11/07 v1.0c TeX engine tests
)))
\AM@pagewidth=\dimen295
\AM@pageheight=\dimen296
 (/usr/share/texlive/texmf-dist/tex/latex/pdfpages/pppdftex.def
File: pppdftex.def 2020/01/28 v0.5q Pdfpages driver for pdfTeX (AM)
)
\AM@pagebox=\box68
\AM@global@opts=\toks42
\AM@pagecnt=\count304
\AM@toc@title=\toks43
\c@AM@survey=\count305
\AM@templatesizebox=\box69
) (/usr/share/texlive/texmf-dist/tex/latex/pstricks/pst-all.sty
Package: pst-all 2008/01/01 the main pstricks tools
 (/usr/share/texlive/texmf-dist/tex/latex/pstricks/pstricks.sty
Package: pstricks 2018/12/21 v0.69 LaTeX wrapper for `PSTricks' (RN,HV)
 (/usr/share/texlive/texmf-dist/tex/latex/tools/shellesc.sty
Package: shellesc 2019/11/08 v1.0c unified shell escape interface for LaTeX
Package shellesc Info: Restricted shell escape enabled on input line 77.
) (/usr/share/texlive/texmf-dist/tex/generic/xkeyval/pst-xkey.tex
File: pst-xkey.tex 2005/11/25 v1.6 PSTricks specialization of xkeyval (HA)
 (/usr/share/texlive/texmf-dist/tex/latex/xkeyval/xkeyval.sty
Package: xkeyval 2014/12/03 v2.7a package option processing (HA)
 (/usr/share/texlive/texmf-dist/tex/generic/xkeyval/xkeyval.tex (/usr/share/texlive/texmf-dist/tex/generic/xkeyval/xkvutils.tex
\XKV@toks=\toks44
\XKV@tempa@toks=\toks45
)
\XKV@depth=\count306
File: xkeyval.tex 2014/12/03 v2.7a key=value parser (HA)
))) (/usr/share/texlive/texmf-dist/tex/generic/pstricks/pstricks.tex (/usr/share/texlive/texmf-dist/tex/generic/pstricks/pst-fp.tex `pst-fp' v0.05, 2010/01/17 (hv)
\pstFP@xs=\count307
\pstFP@xia=\count308
\pstFP@xib=\count309
\pstFP@xfa=\count310
\pstFP@xfb=\count311
\pstFP@rega=\count312
\pstFP@regb=\count313
\pstFP@regs=\count314
\pstFP@times=\count315
)
\psLoopIndex=\count316

`PSTricks' v2.97  <2019/05/11> (tvz,hv)
\pst@dima=\dimen297
\pst@dimb=\dimen298
\pst@dimc=\dimen299
\pst@dimd=\dimen300
\pst@dimg=\dimen301
\pst@dimh=\dimen302
\pst@dimm=\dimen303
\pst@dimn=\dimen304
\pst@dimo=\dimen305
\pst@dimp=\dimen306
\pst@hbox=\box70
\pst@ibox=\box71
\pst@boxg=\box72
\pst@cnta=\count317
\pst@cntb=\count318
\pst@cntc=\count319
\pst@cntd=\count320
\pst@cntg=\count321
\pst@cnth=\count322
\pst@cntm=\count323
\pst@cntn=\count324
\pst@cnto=\count325
\pst@cntp=\count326
\@zero=\count327
\pst@toks=\toks46
(/usr/share/texlive/texmf-dist/tex/generic/pstricks/pstricks.con)
\psunit=\dimen307
\psxunit=\dimen308
\psyunit=\dimen309
\pst@C@@rType=\count328
\pslinewidth=\dimen310
\psk@startLW=\dimen311
\psk@endLW=\dimen312
\pst@customdefs=\toks47
\pslinearc=\dimen313
\pst@symbolStep=\dimen314
\pst@symbolWidth=\dimen315
\pst@symbolLinewidth=\dimen316
\everypsbox=\toks48
\psframesep=\dimen317
\pslabelsep=\dimen318
\sh@wgridXunit=\dimen319
\sh@wgridYunit=\dimen320
\pst@shift=\dimen321
)
File: pstricks.tex 2019/05/11 v2.97 `PSTricks' (tvz,hv)
 (/usr/share/texlive/texmf-dist/tex/generic/pstricks/pst-fp.tex)
File: pst-fp.tex 2019/05/11 v2.97 `PST-fp' (hv)
) (/usr/share/texlive/texmf-dist/tex/latex/pst-plot/pst-plot.sty
Package: pst-plot 2011/06/05 v1.00 LaTeX wrapper for `pst-plot' (HV)
 (/usr/share/texlive/texmf-dist/tex/latex/xkeyval/pst-xkey.sty
Package: pst-xkey 2005/11/25 v1.6 package wrapper for pst-xkey.tex (HA)
) (/usr/share/texlive/texmf-dist/tex/latex/multido/multido.sty
Package: multido 2004/05/17 package wrapper for PSTricks `multido.tex', (HV/RN)
 (/usr/share/texlive/texmf-dist/tex/generic/multido/multido.tex  v1.42, 2010/05/14 <tvz>
\multido@count=\count329
\multidocount=\count330
\multido@stuff=\toks49
)
File: multido.tex 2010/05/14 v1.42 `multido' (tvz,hv)
)
Package: pst-plot 2011/04/13 package wrapper for pst-plot.tex (hv)
 (/usr/share/texlive/texmf-dist/tex/generic/pst-plot/pst-plot.tex (/usr/share/texlive/texmf-dist/tex/generic/pst-tools/pst-tools.tex `PST-tools' v0.09b, 2017/12/03 (hv)) (/usr/share/texlive/texmf-dist/tex/generic/pstricks-add/pstricks-add.tex (/usr/share/texlive/texmf-dist/tex/generic/pst-node/pst-node.tex  v1.42, 2019/03/03
\psrow=\count331
\pscol=\count332
\psmatrixcnt=\count333
\psrowsep=\skip56
\pscolsep=\skip57
\pst@args=\count334
\num@pts=\count335
\pst@argcnt=\count336
) (/usr/share/texlive/texmf-dist/tex/generic/pst-arrow/pst-arrow.tex `pst-arrow' v0.01, 2016/09/01 (dr,hv)
\pshooklength=\dimen322
\pshookwidth=\dimen323
) (/usr/share/texlive/texmf-dist/tex/generic/pst-3d/pst-3d.tex `PST-3d' v1.11, 2010/02/14 (tvz)) (/usr/share/texlive/texmf-dist/tex/generic/pst-math/pst-math.tex `pst-math' v0.64 , (CJ,hv)) `pstricks-add' v3.89a, 2020/02/12 (dr,hv)
\psparallelogramsep=\dimen324
\pst@cntC=\count337
\pst@stepcount=\count338
\chart@ColorIndex=\dimen325
\chart@ColorStep=\dimen326
\pst@chartHeight=\dimen327
\pst@chartStackDepth=\dimen328
\pst@chartStackWidth=\dimen329
\chart@Toggle=\count339
\psVectorCtr=\count340
)  v1.92, 2019/05/16 (tvz,hv)
\pstRadUnit=\dimen330
\pstRadUnitInv=\dimen331
\pst@linecnt=\count341
\RCD@file=\read5
\psxlabelsep=\dimen332
\psylabelsep=\dimen333
\psk@subticksize=\dimen334
\pst@xticksizeA=\dimen335
\pst@xticksizeB=\dimen336
\pst@xticksizeC=\dimen337
\pst@yticksizeA=\dimen338
\pst@yticksizeB=\dimen339
\pst@yticksizeC=\dimen340
\@digitcounter=\count342
\psk@llx=\dimen341
\psk@lly=\dimen342
\psk@urx=\dimen343
\psk@ury=\dimen344
\pst@xunit=\dimen345
\pst@yunit=\dimen346
)
File: pst-plot.tex 2019/05/16 1.92 `pst-plot' (tvz,hv)
) (/usr/share/texlive/texmf-dist/tex/latex/pst-node/pst-node.sty
Package: pst-node 2012/09/18 v1.01 LaTeX wrapper for `pst-node' (HV)
Package: pst-node 2010/04/22 package wrapper for pst-node.tex
 (/usr/share/texlive/texmf-dist/tex/generic/pst-node/pst-node.tex)
File: pst-node.tex 2019/05/16 1.92 `pst-node' (tvz,hv)
) (/usr/share/texlive/texmf-dist/tex/latex/pst-tree/pst-tree.sty
Package: pst-tree 2009/01/25 package wrapper for pst-tree.tex
 (/usr/share/texlive/texmf-dist/tex/generic/pst-tree/pst-tree.tex  v1.13, 2017/02/18(tvz,dg,hv)
\pstree@rootbox=\box73
\pstree@box=\box74
\psnodecnt=\count343
\pstreelevel=\count344
\pstreecnt=\count345
\pstree@cnt=\count346
\pstree@stop=\count347
)
File: pst-tree.tex 2017/02/18 1.13 `pst-tree' (tvz,hv)
) (/usr/share/texlive/texmf-dist/tex/latex/pst-grad/pst-grad.sty
Package: pst-grad 2004/07/15 package wrapper for pst-grad.tex (hv)
 (/usr/share/texlive/texmf-dist/tex/generic/pst-grad/pst-grad.tex `pst-grad' v1.06, 2006/11/27 (tvz,dg,hv))
File: pst-grad.tex 2006/11/27 1.06 `pst-grad' (tvz)
) (/usr/share/texlive/texmf-dist/tex/latex/pst-coil/pst-coil.sty
Package: pst-coil 2010/02/01 package wrapper for pst-coil.tex (hv)
 (/usr/share/texlive/texmf-dist/tex/generic/pst-coil/pst-coil.tex  v1.06, 2006/11/27 (/usr/share/texlive/texmf-dist/tex/generic/pst-node/pst-node.tex))
File: pst-coil.tex 2015/05/13 v1.07 `PST-coil' (tvz,hv)
) (/usr/share/texlive/texmf-dist/tex/latex/pst-text/pst-text.sty
Package: pst-text 2018/12/28 package wrapper for pst-text.tex (hv)
 (/usr/share/texlive/texmf-dist/tex/generic/pst-text/pst-text.tex  v1.01, 2018/12/22(tvz,hv))
File: pst-text.tex 2018/12/22 1.01 `pst-text' (tvz)
) (/usr/share/texlive/texmf-dist/tex/latex/pst-3d/pst-3d.sty
Package: pst-3d 2009/07/28 package wrapper for pst-3d.tex (hv)
 (/usr/share/texlive/texmf-dist/tex/generic/pst-3d/pst-3d.tex)
File: pst-3d.tex 2018/12/22 v1.01 `PST-3d' (hv)
) (/usr/share/texlive/texmf-dist/tex/latex/pst-eps/pst-eps.sty
Package: pst-eps 2005/05/20 package wrapper for pst-eps.tex (hv)
 (/usr/share/texlive/texmf-dist/tex/generic/pst-eps/pst-eps.tex  v1.00, 2006/11/04
\pst@epsout=\write6
\pst@tempout=\write7
)
File: pst-eps.tex 2006/11/04 1.00 `pst-eps' (tvz)
) (/usr/share/texlive/texmf-dist/tex/latex/pst-fill/pst-fill.sty
Package: pst-fill 2005/09/13 package wrapper for pst-fill.tex (hv)
 (/usr/share/texlive/texmf-dist/tex/generic/pst-fill/pst-fill.tex `PST-Fill' v1.01, 2007/03/10 (tvz,dg,hv)
\pst@fillbox=\box75
)
File: pst-fill.tex 2007/03/10 v1.01 `PST-fill' (tvz,dg)
) (/usr/share/texlive/texmf-dist/tex/latex/pstricks-add/pstricks-add.sty (/usr/share/texlive/texmf-dist/tex/latex/pst-math/pst-math.sty
Package: pst-math 2018/12/16 v 0.65 package wrapper for PSTricks pst-math.tex
 (/usr/share/texlive/texmf-dist/tex/latex/pst-calculate/pst-calculate.sty
Package: pst-calculate 2019/01/24 v. 0.02(Herbert Voss) Support for caculations with floating point numbers.
 (/usr/share/texlive/texmf-dist/tex/latex/l3packages/xparse/xparse.sty (/usr/share/texlive/texmf-dist/tex/latex/l3kernel/expl3.sty
Package: expl3 2020-02-14 L3 programming layer (loader) 
 (/usr/share/texlive/texmf-dist/tex/latex/l3backend/l3backend-pdfmode.def
File: l3backend-pdfmode.def 2020-02-03 L3 backend support: PDF mode
\l__kernel_color_stack_int=\count348
\l__pdf_internal_box=\box76
))
Package: xparse 2020-02-14 L3 Experimental document command parser
\l__xparse_current_arg_int=\count349
\g__xparse_grabber_int=\count350
\l__xparse_m_args_int=\count351
\l__xparse_v_nesting_int=\count352
) (/usr/share/texlive/texmf-dist/tex/latex/siunitx/siunitx.sty
Package: siunitx 2020/01/15 v2.7u A comprehensive (SI) units package
 (/usr/share/texlive/texmf-dist/tex/latex/tools/array.sty
Package: array 2019/08/31 v2.4l Tabular extension package (FMi)
\col@sep=\dimen347
\ar@mcellbox=\box77
\extrarowheight=\dimen348
\NC@list=\toks50
\extratabsurround=\skip58
\backup@length=\skip59
\ar@cellbox=\box78
) (/usr/share/texlive/texmf-dist/tex/latex/l3packages/l3keys2e/l3keys2e.sty
Package: l3keys2e 2020-02-14 LaTeX2e option processing using LaTeX3 keys
)
\l__siunitx_tmp_box=\box79
\l__siunitx_tmp_dim=\dimen349
\l__siunitx_tmp_int=\count353
\l__siunitx_number_mantissa_length_int=\count354
\l__siunitx_number_uncert_length_int=\count355
\l__siunitx_round_int=\count356
\l__siunitx_process_decimal_int=\count357
\l__siunitx_process_uncertainty_int=\count358
\l__siunitx_process_fixed_int=\count359
\l__siunitx_process_integer_min_int=\count360
\l__siunitx_process_precision_int=\count361
\l__siunitx_group_min_int=\count362
\l__siunitx_angle_marker_box=\box80
\l__siunitx_angle_unit_box=\box81
\l__siunitx_angle_marker_dim=\dimen350
\l__siunitx_angle_unit_dim=\dimen351
\l__siunitx_unit_int=\count363
\l__siunitx_unit_denominator_int=\count364
\l__siunitx_unit_numerator_int=\count365
\l__siunitx_unit_prefix_int=\count366
\l__siunitx_unit_prefix_base_int=\count367
\l__siunitx_unit_prefix_gram_int=\count368
\l__siunitx_number_product_int=\count369
\c__siunitx_one_fill_skip=\skip60
\l__siunitx_table_unit_align_skip=\skip61
\l__siunitx_table_exponent_dim=\dimen352
\l__siunitx_table_integer_dim=\dimen353
\l__siunitx_table_mantissa_dim=\dimen354
\l__siunitx_table_marker_dim=\dimen355
\l__siunitx_table_result_dim=\dimen356
\l__siunitx_table_uncert_dim=\dimen357
\l__siunitx_table_fill_pre_dim=\dimen358
\l__siunitx_table_fill_post_dim=\dimen359
\l__siunitx_table_fill_mid_dim=\dimen360
\l__siunitx_table_pre_box=\box82
\l__siunitx_table_post_box=\box83
\l__siunitx_table_mantissa_box=\box84
\l__siunitx_table_result_box=\box85
\l__siunitx_table_number_align_skip=\skip62
\l__siunitx_table_text_align_skip=\skip63
 (/usr/share/texlive/texmf-dist/tex/latex/translator/translator.sty
Package: translator 2019-05-31 v1.12a Easy translation of strings in LaTeX
))) (/usr/share/texlive/texmf-dist/tex/generic/iftex/ifluatex.sty
Package: ifluatex 2019/10/25 v1.5 ifluatex legacy package. Use iftex instead.
) (/usr/share/texlive/texmf-dist/tex/generic/xstring/xstring.sty (/usr/share/texlive/texmf-dist/tex/generic/xstring/xstring.tex
\integerpart=\count370
\decimalpart=\count371
)
Package: xstring 2019/02/06 v1.83 String manipulations (CT)
) (/usr/share/texlive/texmf-dist/tex/generic/pst-math/pst-math.tex)
File: pst-math.tex 2007/03/10 v1.01 `PST-math' (hv)
\c@Rand@No=\count372
\c@Random@Left=\count373
\c@Random@Right=\count374
\c@Random@No@max=\count375
)
Package: pstricks-add 2018/02/04 v. 0.16 package wrapper for pstricks-add.tex (hv)
 (/usr/share/texlive/texmf-dist/tex/generic/pstricks-add/pstricks-add.tex)
File: pstricks-add.tex 2007/03/10 v1.01 `PSTricks-add' (hv)
)) (/usr/share/texlive/texmf-dist/tex/latex/lipsum/lipsum.sty
Package: lipsum 2019/01/02 v2.2 150 paragraphs of Lorem Ipsum dummy text
 (/usr/share/texlive/texmf-dist/tex/latex/lipsum/lipsum.ltd.tex
File: lipsum.ltd.tex 2019/01/02 v2.2 The Lorem ipsum dummy text
)) (/usr/share/texlive/texmf-dist/tex/latex/tools/multicol.sty
Package: multicol 2019/12/09 v1.8y multicolumn formatting (FMi)
\c@tracingmulticols=\count376
\mult@box=\box86
\multicol@leftmargin=\dimen361
\c@unbalance=\count377
\c@collectmore=\count378
\doublecol@number=\count379
\multicoltolerance=\count380
\multicolpretolerance=\count381
\full@width=\dimen362
\page@free=\dimen363
\premulticols=\dimen364
\postmulticols=\dimen365
\multicolsep=\skip64
\multicolbaselineskip=\skip65
\partial@page=\box87
\last@line=\box88
\maxbalancingoverflow=\dimen366
\mult@rightbox=\box89
\mult@grightbox=\box90
\mult@gfirstbox=\box91
\mult@firstbox=\box92
\@tempa=\box93
\@tempa=\box94
\@tempa=\box95
\@tempa=\box96
\@tempa=\box97
\@tempa=\box98
\@tempa=\box99
\@tempa=\box100
\@tempa=\box101
\@tempa=\box102
\@tempa=\box103
\@tempa=\box104
\@tempa=\box105
\@tempa=\box106
\@tempa=\box107
\@tempa=\box108
\@tempa=\box109
\@tempa=\box110
\@tempa=\box111
\@tempa=\box112
\@tempa=\box113
\@tempa=\box114
\@tempa=\box115
\@tempa=\box116
\@tempa=\box117
\@tempa=\box118
\@tempa=\box119
\@tempa=\box120
\@tempa=\box121
\@tempa=\box122
\@tempa=\box123
\@tempa=\box124
\@tempa=\box125
\@tempa=\box126
\@tempa=\box127
\@tempa=\box128
\@tempa=\box129
\c@minrows=\count382
\c@columnbadness=\count383
\c@finalcolumnbadness=\count384
\last@try=\dimen367
\multicolovershoot=\dimen368
\multicolundershoot=\dimen369
\mult@nat@firstbox=\box130
\colbreak@box=\box131
\mc@col@check@num=\count385
) (/usr/share/texlive/texmf-dist/tex/latex/enumitem/enumitem.sty
Package: enumitem 2019/06/20 v3.9 Customized lists
\labelindent=\skip66
\enit@outerparindent=\dimen370
\enit@toks=\toks51
\enit@inbox=\box132
\enit@count@id=\count386
\enitdp@description=\count387
) (/usr/share/texlive/texmf-dist/tex/latex/hyperref/hyperref.sty
Package: hyperref 2020/01/14 v7.00d Hypertext links for LaTeX
 (/usr/share/texlive/texmf-dist/tex/latex/pdftexcmds/pdftexcmds.sty
Package: pdftexcmds 2019/11/24 v0.31 Utility functions of pdfTeX for LuaTeX (HO)
Package pdftexcmds Info: \pdf@primitive is available.
Package pdftexcmds Info: \pdf@ifprimitive is available.
Package pdftexcmds Info: \pdfdraftmode found.
) (/usr/share/texlive/texmf-dist/tex/generic/kvsetkeys/kvsetkeys.sty
Package: kvsetkeys 2019/12/15 v1.18 Key value parser (HO)
) (/usr/share/texlive/texmf-dist/tex/generic/kvdefinekeys/kvdefinekeys.sty
Package: kvdefinekeys 2019-12-19 v1.6 Define keys (HO)
) (/usr/share/texlive/texmf-dist/tex/generic/pdfescape/pdfescape.sty
Package: pdfescape 2019/12/09 v1.15 Implements pdfTeX's escape features (HO)
) (/usr/share/texlive/texmf-dist/tex/latex/hycolor/hycolor.sty
Package: hycolor 2020-01-27 v1.10 Color options for hyperref/bookmark (HO)
) (/usr/share/texlive/texmf-dist/tex/latex/letltxmacro/letltxmacro.sty
Package: letltxmacro 2019/12/03 v1.6 Let assignment for LaTeX macros (HO)
) (/usr/share/texlive/texmf-dist/tex/latex/auxhook/auxhook.sty
Package: auxhook 2019-12-17 v1.6 Hooks for auxiliary files (HO)
) (/usr/share/texlive/texmf-dist/tex/latex/kvoptions/kvoptions.sty
Package: kvoptions 2019/11/29 v3.13 Key value format for package options (HO)
)
\@linkdim=\dimen371
\Hy@linkcounter=\count388
\Hy@pagecounter=\count389
 (/usr/share/texlive/texmf-dist/tex/latex/hyperref/pd1enc.def
File: pd1enc.def 2020/01/14 v7.00d Hyperref: PDFDocEncoding definition (HO)
Now handling font encoding PD1 ...
... no UTF-8 mapping file for font encoding PD1
) (/usr/share/texlive/texmf-dist/tex/generic/intcalc/intcalc.sty
Package: intcalc 2019/12/15 v1.3 Expandable calculations with integers (HO)
) (/usr/share/texlive/texmf-dist/tex/generic/etexcmds/etexcmds.sty
Package: etexcmds 2019/12/15 v1.7 Avoid name clashes with e-TeX commands (HO)
)
\Hy@SavedSpaceFactor=\count390
\pdfmajorversion=\count391
Package hyperref Info: Hyper figures OFF on input line 4547.
Package hyperref Info: Link nesting OFF on input line 4552.
Package hyperref Info: Hyper index ON on input line 4555.
Package hyperref Info: Plain pages OFF on input line 4562.
Package hyperref Info: Backreferencing OFF on input line 4567.
Package hyperref Info: Implicit mode ON; LaTeX internals redefined.
Package hyperref Info: Bookmarks ON on input line 4800.
\c@Hy@tempcnt=\count392
 (/usr/share/texlive/texmf-dist/tex/latex/url/url.sty
\Urlmuskip=\muskip17
Package: url 2013/09/16  ver 3.4  Verb mode for urls, etc.
)
LaTeX Info: Redefining \url on input line 5159.
\XeTeXLinkMargin=\dimen372
 (/usr/share/texlive/texmf-dist/tex/generic/bitset/bitset.sty
Package: bitset 2019/12/09 v1.3 Handle bit-vector datatype (HO)
 (/usr/share/texlive/texmf-dist/tex/generic/bigintcalc/bigintcalc.sty
Package: bigintcalc 2019/12/15 v1.5 Expandable calculations on big integers (HO)
))
\Fld@menulength=\count393
\Field@Width=\dimen373
\Fld@charsize=\dimen374
Package hyperref Info: Hyper figures OFF on input line 6430.
Package hyperref Info: Link nesting OFF on input line 6435.
Package hyperref Info: Hyper index ON on input line 6438.
Package hyperref Info: backreferencing OFF on input line 6445.
Package hyperref Info: Link coloring OFF on input line 6450.
Package hyperref Info: Link coloring with OCG OFF on input line 6455.
Package hyperref Info: PDF/A mode OFF on input line 6460.
LaTeX Info: Redefining \ref on input line 6500.
LaTeX Info: Redefining \pageref on input line 6504.
\Hy@abspage=\count394
\c@Item=\count395
\c@Hfootnote=\count396
)
Package hyperref Info: Driver (autodetected): hpdftex.
 (/usr/share/texlive/texmf-dist/tex/latex/hyperref/hpdftex.def
File: hpdftex.def 2020/01/14 v7.00d Hyperref driver for pdfTeX
 (/usr/share/texlive/texmf-dist/tex/latex/atveryend/atveryend.sty
Package: atveryend 2019-12-11 v1.11 Hooks at the very end of document (HO)
)
\Fld@listcount=\count397
\c@bookmark@seq@number=\count398
 (/usr/share/texlive/texmf-dist/tex/latex/rerunfilecheck/rerunfilecheck.sty
Package: rerunfilecheck 2019/12/05 v1.9 Rerun checks for auxiliary files (HO)
 (/usr/share/texlive/texmf-dist/tex/generic/uniquecounter/uniquecounter.sty
Package: uniquecounter 2019/12/15 v1.4 Provide unlimited unique counter (HO)
)
Package uniquecounter Info: New unique counter `rerunfilecheck' on input line 286.
)
\Hy@SectionHShift=\skip67
) (/usr/share/texlive/texmf-dist/tex/latex/graphics/lscape.sty
Package: lscape 2000/10/22 v3.01 Landscape Pages (DPC)
) (/usr/share/texmf/tex/latex/lm/lmodern.sty
Package: lmodern 2009/10/30 v1.6 Latin Modern Fonts
LaTeX Font Info:    Overwriting symbol font `operators' in version `normal'
(Font)                  OT1/cmr/m/n --> OT1/lmr/m/n on input line 22.
LaTeX Font Info:    Overwriting symbol font `letters' in version `normal'
(Font)                  OML/cmm/m/it --> OML/lmm/m/it on input line 23.
LaTeX Font Info:    Overwriting symbol font `symbols' in version `normal'
(Font)                  OMS/cmsy/m/n --> OMS/lmsy/m/n on input line 24.
LaTeX Font Info:    Overwriting symbol font `largesymbols' in version `normal'
(Font)                  OMX/cmex/m/n --> OMX/lmex/m/n on input line 25.
LaTeX Font Info:    Overwriting symbol font `operators' in version `bold'
(Font)                  OT1/cmr/bx/n --> OT1/lmr/bx/n on input line 26.
LaTeX Font Info:    Overwriting symbol font `letters' in version `bold'
(Font)                  OML/cmm/b/it --> OML/lmm/b/it on input line 27.
LaTeX Font Info:    Overwriting symbol font `symbols' in version `bold'
(Font)                  OMS/cmsy/b/n --> OMS/lmsy/b/n on input line 28.
LaTeX Font Info:    Overwriting symbol font `largesymbols' in version `bold'
(Font)                  OMX/cmex/m/n --> OMX/lmex/m/n on input line 29.
LaTeX Font Info:    Overwriting math alphabet `\mathbf' in version `normal'
(Font)                  OT1/cmr/bx/n --> OT1/lmr/bx/n on input line 31.
LaTeX Font Info:    Overwriting math alphabet `\mathsf' in version `normal'
(Font)                  OT1/cmss/m/n --> OT1/lmss/m/n on input line 32.
LaTeX Font Info:    Overwriting math alphabet `\mathit' in version `normal'
(Font)                  OT1/cmr/m/it --> OT1/lmr/m/it on input line 33.
LaTeX Font Info:    Overwriting math alphabet `\mathtt' in version `normal'
(Font)                  OT1/cmtt/m/n --> OT1/lmtt/m/n on input line 34.
LaTeX Font Info:    Overwriting math alphabet `\mathbf' in version `bold'
(Font)                  OT1/cmr/bx/n --> OT1/lmr/bx/n on input line 35.
LaTeX Font Info:    Overwriting math alphabet `\mathsf' in version `bold'
(Font)                  OT1/cmss/bx/n --> OT1/lmss/bx/n on input line 36.
LaTeX Font Info:    Overwriting math alphabet `\mathit' in version `bold'
(Font)                  OT1/cmr/bx/it --> OT1/lmr/bx/it on input line 37.
LaTeX Font Info:    Overwriting math alphabet `\mathtt' in version `bold'
(Font)                  OT1/cmtt/m/n --> OT1/lmtt/m/n on input line 38.
) (/usr/share/texlive/texmf-dist/tex/latex/fancyhdr/fancyhdr.sty
Package: fancyhdr 2019/01/31 v3.10 Extensive control of page headers and footers
\f@nch@headwidth=\skip68
\f@nch@O@elh=\skip69
\f@nch@O@erh=\skip70
\f@nch@O@olh=\skip71
\f@nch@O@orh=\skip72
\f@nch@O@elf=\skip73
\f@nch@O@erf=\skip74
\f@nch@O@olf=\skip75
\f@nch@O@orf=\skip76
) (/usr/share/texlive/texmf-dist/tex/latex/mdframed/mdframed.sty
Package: mdframed 2013/07/01 1.9b: mdframed
 (/usr/share/texlive/texmf-dist/tex/latex/zref/zref-abspage.sty
Package: zref-abspage 2019/11/29 v2.28 Module abspage for zref (HO)
 (/usr/share/texlive/texmf-dist/tex/latex/zref/zref-base.sty
Package: zref-base 2019/11/29 v2.28 Module base for zref (HO)
Package zref Info: New property list: main on input line 763.
Package zref Info: New property: default on input line 764.
Package zref Info: New property: page on input line 765.
)
\c@abspage=\count399
Package zref Info: New property: abspage on input line 66.
) (/usr/share/texlive/texmf-dist/tex/latex/needspace/needspace.sty
Package: needspace 2010/09/12 v1.3d reserve vertical space
)
\mdf@templength=\skip77
\c@mdf@globalstyle@cnt=\count400
\mdf@skipabove@length=\skip78
\mdf@skipbelow@length=\skip79
\mdf@leftmargin@length=\skip80
\mdf@rightmargin@length=\skip81
\mdf@innerleftmargin@length=\skip82
\mdf@innerrightmargin@length=\skip83
\mdf@innertopmargin@length=\skip84
\mdf@innerbottommargin@length=\skip85
\mdf@splittopskip@length=\skip86
\mdf@splitbottomskip@length=\skip87
\mdf@outermargin@length=\skip88
\mdf@innermargin@length=\skip89
\mdf@linewidth@length=\skip90
\mdf@innerlinewidth@length=\skip91
\mdf@middlelinewidth@length=\skip92
\mdf@outerlinewidth@length=\skip93
\mdf@roundcorner@length=\skip94
\mdf@footenotedistance@length=\skip95
\mdf@userdefinedwidth@length=\skip96
\mdf@needspace@length=\skip97
\mdf@frametitleaboveskip@length=\skip98
\mdf@frametitlebelowskip@length=\skip99
\mdf@frametitlerulewidth@length=\skip100
\mdf@frametitleleftmargin@length=\skip101
\mdf@frametitlerightmargin@length=\skip102
\mdf@shadowsize@length=\skip103
\mdf@extratopheight@length=\skip104
\mdf@subtitleabovelinewidth@length=\skip105
\mdf@subtitlebelowlinewidth@length=\skip106
\mdf@subtitleaboveskip@length=\skip107
\mdf@subtitlebelowskip@length=\skip108
\mdf@subtitleinneraboveskip@length=\skip109
\mdf@subtitleinnerbelowskip@length=\skip110
\mdf@subsubtitleabovelinewidth@length=\skip111
\mdf@subsubtitlebelowlinewidth@length=\skip112
\mdf@subsubtitleaboveskip@length=\skip113
\mdf@subsubtitlebelowskip@length=\skip114
\mdf@subsubtitleinneraboveskip@length=\skip115
\mdf@subsubtitleinnerbelowskip@length=\skip116
 (/usr/share/texlive/texmf-dist/tex/latex/mdframed/md-frame-1.mdf
File: md-frame-1.mdf 2013/07/01\ 1.9b: md-frame-1
)
\mdf@frametitlebox=\box133
\mdf@footnotebox=\box134
\mdf@splitbox@one=\box135
\mdf@splitbox@two=\box136
\mdf@splitbox@save=\box137
\mdfsplitboxwidth=\skip117
\mdfsplitboxtotalwidth=\skip118
\mdfsplitboxheight=\skip119
\mdfsplitboxdepth=\skip120
\mdfsplitboxtotalheight=\skip121
\mdfframetitleboxwidth=\skip122
\mdfframetitleboxtotalwidth=\skip123
\mdfframetitleboxheight=\skip124
\mdfframetitleboxdepth=\skip125
\mdfframetitleboxtotalheight=\skip126
\mdffootnoteboxwidth=\skip127
\mdffootnoteboxtotalwidth=\skip128
\mdffootnoteboxheight=\skip129
\mdffootnoteboxdepth=\skip130
\mdffootnoteboxtotalheight=\skip131
\mdftotallinewidth=\skip132
\mdfboundingboxwidth=\skip133
\mdfboundingboxtotalwidth=\skip134
\mdfboundingboxheight=\skip135
\mdfboundingboxdepth=\skip136
\mdfboundingboxtotalheight=\skip137
\mdf@freevspace@length=\skip138
\mdf@horizontalwidthofbox@length=\skip139
\mdf@verticalmarginwhole@length=\skip140
\mdf@horizontalspaceofbox=\skip141
\mdfsubtitleheight=\skip142
\mdfsubsubtitleheight=\skip143
\c@mdfcountframes=\count401

****** mdframed patching \endmdf@trivlist

****** -- success******

\mdf@envdepth=\count402
\c@mdf@env@i=\count403
\c@mdf@env@ii=\count404
\c@mdf@zref@counter=\count405
Package zref Info: New property: mdf@pagevalue on input line 895.
) (/usr/share/texlive/texmf-dist/tex/latex/geometry/geometry.sty
Package: geometry 2020/01/02 v5.9 Page Geometry
 (/usr/share/texlive/texmf-dist/tex/generic/iftex/ifvtex.sty
Package: ifvtex 2019/10/25 v1.7 ifvtex legacy package. Use iftex instead.
)
\Gm@cnth=\count406
\Gm@cntv=\count407
\c@Gm@tempcnt=\count408
\Gm@bindingoffset=\dimen375
\Gm@wd@mp=\dimen376
\Gm@odd@mp=\dimen377
\Gm@even@mp=\dimen378
\Gm@layoutwidth=\dimen379
\Gm@layoutheight=\dimen380
\Gm@layouthoffset=\dimen381
\Gm@layoutvoffset=\dimen382
\Gm@dimlist=\toks52
) (/usr/share/texlive/texmf-dist/tex/latex/newfloat/newfloat.sty
Package: newfloat 2019/09/02 v1.1l Defining new floating environments (AR)
Package newfloat Info: `wrapfig' package detected.
) (/usr/share/texlive/texmf-dist/tex/latex/piff/time.sty
time.sty v1.0a, (C) Copyright Mike Piff, 15 Feb 1995 10:55:01 BST
Package: time 
) (/usr/share/texlive/texmf-dist/tex/generic/pgf/frontendlayer/tikz/libraries/tikzlibrarypatterns.code.tex
File: tikzlibrarypatterns.code.tex 2020/01/08 v3.1.5b (3.1.5b)
 (/usr/share/texlive/texmf-dist/tex/generic/pgf/libraries/pgflibrarypatterns.code.tex
File: pgflibrarypatterns.code.tex 2020/01/08 v3.1.5b (3.1.5b)
)) (/usr/share/texlive/texmf-dist/tex/generic/pgf/frontendlayer/tikz/libraries/tikzlibraryshadows.code.tex
File: tikzlibraryshadows.code.tex 2020/01/08 v3.1.5b (3.1.5b)
 (/usr/share/texlive/texmf-dist/tex/generic/pgf/frontendlayer/tikz/libraries/tikzlibraryfadings.code.tex
File: tikzlibraryfadings.code.tex 2020/01/08 v3.1.5b (3.1.5b)
 (/usr/share/texlive/texmf-dist/tex/generic/pgf/libraries/pgflibraryfadings.code.tex
File: pgflibraryfadings.code.tex 2020/01/08 v3.1.5b (3.1.5b)
))) (/usr/share/texlive/texmf-dist/tex/generic/pgf/frontendlayer/tikz/libraries/tikzlibrarybackgrounds.code.tex
File: tikzlibrarybackgrounds.code.tex 2020/01/08 v3.1.5b (3.1.5b)
\pgf@layerbox@background=\box138
\pgf@layerboxsaved@background=\box139
)
Package hyperref Info: Option `colorlinks' set `true' on input line 142.
) (/usr/share/texlive/texmf-dist/tex/latex/esvect/esvect.sty
Package: esvect 
\symesvector=\mathgroup6
) (/usr/share/texlive/texmf-dist/tex/latex/was/upgreek.sty
Package: upgreek 2003/02/12 v2.0 (WaS)
Package upgreek Info: Using Euler Roman for upright Greek on input line 31.
\symugrf@m=\mathgroup7
LaTeX Font Info:    Overwriting symbol font `ugrf@m' in version `bold'
(Font)                  U/eur/m/n --> U/eur/b/n on input line 38.
) (/usr/share/texlive/texmf-dist/tex/latex/tcolorbox/tcbraster.code.tex
Library (tcolorbox): 'tcbraster.code.tex' version '4.22'
\c@tcbrastercolumn=\count409
\c@tcbrasterrow=\count410
\c@tcbraster=\count411
) (/usr/share/texlive/texmf-dist/tex/latex/tcolorbox/tcbskins.code.tex
Library (tcolorbox): 'tcbskins.code.tex' version '4.22'
\tcb@waterbox=\box140
(/usr/share/texlive/texmf-dist/tex/latex/tcolorbox/tcbskinsjigsaw.code.tex
Library (tcolorbox): 'tcbskinsjigsaw.code.tex' version '4.22'
)) (/usr/share/texlive/texmf-dist/tex/latex/tcolorbox/tcbbreakable.code.tex
Library (tcolorbox): 'tcbbreakable.code.tex' version '4.22'
\tcb@testbox=\box141
\tcb@totalupperbox=\box142
\tcb@totallowerbox=\box143
) (/usr/share/texlive/texmf-dist/tex/latex/tcolorbox/tcbhooks.code.tex
Library (tcolorbox): 'tcbhooks.code.tex' version '4.22'
) (/usr/share/texlive/texmf-dist/tex/latex/tcolorbox/tcbtheorems.code.tex
Library (tcolorbox): 'tcbtheorems.code.tex' version '4.22'
) (/usr/share/texlive/texmf-dist/tex/latex/tcolorbox/tcbfitting.code.tex
Library (tcolorbox): 'tcbfitting.code.tex' version '4.22'
\tcbfitdim=\dimen383
\tcb@lowerfitdim=\dimen384
\tcb@upperfitdim=\dimen385
\tcb@cur@hbadness=\count412
) (/usr/share/texlive/texmf-dist/tex/latex/tcolorbox/tcbxparse.code.tex
Library (tcolorbox): 'tcbxparse.code.tex' version '4.22'
) (/usr/share/texlive/texmf-dist/tex/latex/tcolorbox/tcblistingsutf8.code.tex
Library (tcolorbox): 'tcblistingsutf8.code.tex' version '4.22'
(/usr/share/texlive/texmf-dist/tex/latex/listingsutf8/listingsutf8.sty
Package: listingsutf8 2019-12-10 v1.5 Allow UTF-8 in listings input (HO)
 (/usr/share/texlive/texmf-dist/tex/latex/listings/listings.sty
\lst@mode=\count413
\lst@gtempboxa=\box144
\lst@token=\toks53
\lst@length=\count414
\lst@currlwidth=\dimen386
\lst@column=\count415
\lst@pos=\count416
\lst@lostspace=\dimen387
\lst@width=\dimen388
\lst@newlines=\count417
\lst@lineno=\count418
\lst@maxwidth=\dimen389
 (/usr/share/texlive/texmf-dist/tex/latex/listings/lstmisc.sty
File: lstmisc.sty 2019/09/10 1.8c (Carsten Heinz)
\c@lstnumber=\count419
\lst@skipnumbers=\count420
\lst@framebox=\box145
) (/usr/share/texlive/texmf-dist/tex/latex/listings/listings.cfg
File: listings.cfg 2019/09/10 1.8c listings configuration
))
Package: listings 2019/09/10 1.8c (Carsten Heinz)
 (/usr/share/texlive/texmf-dist/tex/generic/stringenc/stringenc.sty
Package: stringenc 2019/11/29 v1.12 Convert strings between diff. encodings (HO)
)) (/usr/share/texlive/texmf-dist/tex/latex/tcolorbox/tcblistings.code.tex
Library (tcolorbox): 'tcblistings.code.tex' version '4.22'
(/usr/share/texlive/texmf-dist/tex/latex/tcolorbox/tcblistingscore.code.tex
Library (tcolorbox): 'tcblistingscore.code.tex' version '4.22'
(/usr/share/texlive/texmf-dist/tex/latex/tcolorbox/tcbprocessing.code.tex
Library (tcolorbox): 'tcbprocessing.code.tex' version '4.22'
)
\c@tcblisting=\count421
))) (/usr/share/texlive/texmf-dist/tex/latex/tcolorbox/tcbexternal.code.tex
Library (tcolorbox): 'tcbexternal.code.tex' version '4.22'
) (/usr/share/texlive/texmf-dist/tex/latex/tcolorbox/tcbmagazine.code.tex
Library (tcolorbox): 'tcbmagazine.code.tex' version '4.22'
) (/usr/share/texlive/texmf-dist/tex/latex/tcolorbox/tcbvignette.code.tex
Library (tcolorbox): 'tcbvignette.code.tex' version '4.22'
) (/usr/share/texlive/texmf-dist/tex/latex/tcolorbox/tcbposter.code.tex
Library (tcolorbox): 'tcbposter.code.tex' version '4.22'
) (/mnt/c/Users/Gabriel/Documents/Agregation/Dossier_Didactique_GLD/Dossier/Dossier_De_Recherche_GLD.aux)
\openout1 = `Dossier_De_Recherche_GLD.aux'.

LaTeX Font Info:    Checking defaults for OML/cmm/m/it on input line 62.
LaTeX Font Info:    ... okay on input line 62.
LaTeX Font Info:    Checking defaults for OMS/cmsy/m/n on input line 62.
LaTeX Font Info:    ... okay on input line 62.
LaTeX Font Info:    Checking defaults for OT1/cmr/m/n on input line 62.
LaTeX Font Info:    ... okay on input line 62.
LaTeX Font Info:    Checking defaults for T1/cmr/m/n on input line 62.
LaTeX Font Info:    ... okay on input line 62.
LaTeX Font Info:    Checking defaults for TS1/cmr/m/n on input line 62.
LaTeX Font Info:    ... okay on input line 62.
LaTeX Font Info:    Checking defaults for OMX/cmex/m/n on input line 62.
LaTeX Font Info:    ... okay on input line 62.
LaTeX Font Info:    Checking defaults for U/cmr/m/n on input line 62.
LaTeX Font Info:    ... okay on input line 62.
LaTeX Font Info:    Checking defaults for PD1/pdf/m/n on input line 62.
LaTeX Font Info:    ... okay on input line 62.
LaTeX Font Info:    Trying to load font information for T1+lmr on input line 62.
 (/usr/share/texmf/tex/latex/lm/t1lmr.fd
File: t1lmr.fd 2009/10/30 v1.6 Font defs for Latin Modern
)
LaTeX Info: Redefining \degres on input line 62.
LaTeX Info: Redefining \dots on input line 62.
Package french.ldf Info: Setting StandardItemizeEnv=true for
(french.ldf)             compatibility with enumitem package,
(french.ldf)             reported on input line 62.
Package french.ldf Info: Setting StandardEnumerateEnv=true for
(french.ldf)             compatibility with enumitem package,
(french.ldf)             reported on input line 62.
LaTeX Info: Redefining \up on input line 62.
Package caption Info: Begin \AtBeginDocument code.
Package caption Info: hyperref package is loaded.
Package caption Info: listings package is loaded.
Package caption Info: wrapfig package is loaded.
Package caption Info: End \AtBeginDocument code.
\symgns@font=\mathgroup8
LaTeX Font Info:    Overwriting symbol font `gns@font' in version `bold'
(Font)                  TS1/lmr/m/n --> TS1/lmr/b/n on input line 62.
Package gensymb Info: Math companion symbols declared on input line 62.
LaTeX Info: Redefining \degree on input line 62.
LaTeX Info: Redefining \celsius on input line 62.
Package gensymb Info: Using text companion symbols for \degree, \celsius and \perthousand on input line 62.
LaTeX Info: Redefining \ohm on input line 62.
Package gensymb Info: Using \textohm for \ohm on input line 62.
Package gensymb Info: Using \textmu for \micro on input line 62.
 ABD: EveryShipout initializing macros (/usr/share/texlive/texmf-dist/tex/context/base/mkii/supp-pdf.mkii
[Loading MPS to PDF converter (version 2006.09.02).]
\scratchcounter=\count422
\scratchdimen=\dimen390
\scratchbox=\box146
\nofMPsegments=\count423
\nofMParguments=\count424
\everyMPshowfont=\toks54
\MPscratchCnt=\count425
\MPscratchDim=\dimen391
\MPnumerator=\count426
\makeMPintoPDFobject=\count427
\everyMPtoPDFconversion=\toks55
) (/usr/share/texlive/texmf-dist/tex/latex/epstopdf-pkg/epstopdf-base.sty
Package: epstopdf-base 2020-01-24 v2.11 Base part for package epstopdf
Package epstopdf-base Info: Redefining graphics rule for `.eps' on input line 485.
 (/usr/share/texlive/texmf-dist/tex/latex/latexconfig/epstopdf-sys.cfg
File: epstopdf-sys.cfg 2010/07/13 v1.3 Configuration of (r)epstopdf for TeX Live
))

Package pgfplots Warning: running in backwards compatibility mode (unsuitable tick labels; missing features). Consider writing \pgfplotsset{compat=1.16} into your preamble.
 on input line 62.

\AtBeginShipoutBox=\box147
(/usr/share/texlive/texmf-dist/tex/latex/pdflscape/pdflscape.sty
Package: pdflscape 2019/12/05 v0.12 Display of landscape pages in PDF (HO)
Package pdflscape Info: Auto-detected driver: pdftex on input line 81.
) (/usr/share/texlive/texmf-dist/tex/latex/translator/translator-basic-dictionary-English.dict
Dictionary: translator-basic-dictionary, Language: English 
) (/usr/share/texlive/texmf-dist/tex/latex/translator/translator-basic-dictionary-French.dict
Dictionary: translator-basic-dictionary, Language: French 
) (/usr/share/texlive/texmf-dist/tex/latex/siunitx/siunitx-abbreviations.cfg
File: siunitx-abbreviations.cfg 2017/11/26 v2.7k siunitx: Abbreviated units
)
Package hyperref Info: Link coloring ON on input line 62.
 (/usr/share/texlive/texmf-dist/tex/latex/hyperref/nameref.sty
Package: nameref 2019/09/16 v2.46 Cross-referencing by name of section
 (/usr/share/texlive/texmf-dist/tex/latex/refcount/refcount.sty
Package: refcount 2019/12/15 v3.6 Data extraction from label references (HO)
) (/usr/share/texlive/texmf-dist/tex/generic/gettitlestring/gettitlestring.sty
Package: gettitlestring 2019/12/15 v1.6 Cleanup title references (HO)
)
\c@section@level=\count428
)
LaTeX Info: Redefining \ref on input line 62.
LaTeX Info: Redefining \pageref on input line 62.
LaTeX Info: Redefining \nameref on input line 62.
 (/mnt/c/Users/Gabriel/Documents/Agregation/Dossier_Didactique_GLD/Dossier/Dossier_De_Recherche_GLD.out) (/mnt/c/Users/Gabriel/Documents/Agregation/Dossier_Didactique_GLD/Dossier/Dossier_De_Recherche_GLD.out)
\@outlinefile=\write8
\openout8 = `Dossier_De_Recherche_GLD.out'.


*geometry* driver: auto-detecting
*geometry* detected driver: pdftex
*geometry* verbose mode - [ preamble ] result:
* driver: pdftex
* paper: <default>
* layout: <same size as paper>
* layoutoffset:(h,v)=(0.0pt,0.0pt)
* modes: 
* h-part:(L,W,R)=(85.35826pt, 443.57848pt, 85.35826pt)
* v-part:(T,H,B)=(42.67912pt, 709.61174pt, 42.67912pt)
* \paperwidth=614.295pt
* \paperheight=794.96999pt
* \textwidth=443.57848pt
* \textheight=709.61174pt
* \oddsidemargin=13.08827pt
* \evensidemargin=13.08827pt
* \topmargin=-66.59087pt
* \headheight=12.0pt
* \headsep=25.0pt
* \topskip=10.0pt
* \footskip=30.0pt
* \marginparwidth=65.0pt
* \marginparsep=11.0pt
* \columnsep=30.0pt
* \skip\footins=9.0pt plus 4.0pt minus 2.0pt
* \hoffset=0.0pt
* \voffset=0.0pt
* \mag=1000
* \@twocolumnfalse
* \@twosidefalse
* \@mparswitchfalse
* \@reversemarginfalse
* (1in=72.27pt=25.4mm, 1cm=28.453pt)

\c@lstlisting=\count429
LaTeX Font Info:    Trying to load font information for OT1+lmr on input line 62.
(/usr/share/texmf/tex/latex/lm/ot1lmr.fd
File: ot1lmr.fd 2009/10/30 v1.6 Font defs for Latin Modern
)
LaTeX Font Info:    Trying to load font information for OML+lmm on input line 62.
 (/usr/share/texmf/tex/latex/lm/omllmm.fd
File: omllmm.fd 2009/10/30 v1.6 Font defs for Latin Modern
)
LaTeX Font Info:    Trying to load font information for OMS+lmsy on input line 62.
 (/usr/share/texmf/tex/latex/lm/omslmsy.fd
File: omslmsy.fd 2009/10/30 v1.6 Font defs for Latin Modern
)
LaTeX Font Info:    Trying to load font information for OMX+lmex on input line 62.
 (/usr/share/texmf/tex/latex/lm/omxlmex.fd
File: omxlmex.fd 2009/10/30 v1.6 Font defs for Latin Modern
)
LaTeX Font Info:    External font `lmex10' loaded for size
(Font)              <10> on input line 62.
LaTeX Font Info:    External font `lmex10' loaded for size
(Font)              <7> on input line 62.
LaTeX Font Info:    External font `lmex10' loaded for size
(Font)              <5> on input line 62.
LaTeX Font Info:    Trying to load font information for U+msa on input line 62.
 (/usr/share/texlive/texmf-dist/tex/latex/amsfonts/umsa.fd
File: umsa.fd 2013/01/14 v3.01 AMS symbols A
)
LaTeX Font Info:    Trying to load font information for U+msb on input line 62.
 (/usr/share/texlive/texmf-dist/tex/latex/amsfonts/umsb.fd
File: umsb.fd 2013/01/14 v3.01 AMS symbols B
)
LaTeX Font Info:    Trying to load font information for U+esvect on input line 62.
 (/usr/share/texlive/texmf-dist/tex/latex/esvect/uesvect.fd
File: uesvect.fd 
)
LaTeX Font Info:    Trying to load font information for TS1+lmr on input line 62.
 (/usr/share/texmf/tex/latex/lm/ts1lmr.fd
File: ts1lmr.fd 2009/10/30 v1.6 Font defs for Latin Modern
)
LaTeX Font Info:    Trying to load font information for OT1+lmss on input line 62.
 (/usr/share/texmf/tex/latex/lm/ot1lmss.fd
File: ot1lmss.fd 2009/10/30 v1.6 Font defs for Latin Modern
)
LaTeX Font Info:    Trying to load font information for OT1+lmtt on input line 62.
 (/usr/share/texmf/tex/latex/lm/ot1lmtt.fd
File: ot1lmtt.fd 2009/10/30 v1.6 Font defs for Latin Modern
)

LaTeX Font Warning: Font shape `T1/lmr/m/scit' undefined
(Font)              using `T1/lmr/m/scsl' instead on input line 84.

LaTeX Font Info:    Trying to load font information for T1+lmss on input line 107.
(/usr/share/texmf/tex/latex/lm/t1lmss.fd
File: t1lmss.fd 2009/10/30 v1.6 Font defs for Latin Modern
) [1
Non-PDF special ignored!
<special> header=pstricks.pro
Non-PDF special ignored!
<special> header=pst-algparser.pro
Non-PDF special ignored!
<special> header=pst-tools.pro
Non-PDF special ignored!
<special> header=pst-dots.pro
Non-PDF special ignored!
<special> header=pst-node.pro
Non-PDF special ignored!
<special> header=pst-3d.pro
Non-PDF special ignored!
<special> header=pst-math.pro
Non-PDF special ignored!
<special> header=pstricks-add.pro
Non-PDF special ignored!
<special> header=pst-grad.pro
Non-PDF special ignored!
<special> header=pst-coil.pro
Non-PDF special ignored!
<special> header=pst-text.pro
{/var/lib/texmf/fonts/map/pdftex/updmap/pdftex.map}


Non-PDF special ignored!
<special> ps: /pssetRGBcolor /setrgbcolor load def /pssetCMYKcolor /setcmyk...
Non-PDF special ignored!
<special> ps:tx@Dict begin  gsave STV CP T /ps@rot 0 def grestore  end
Non-PDF special ignored!
<special> ps:tx@Dict begin  gsave STV CP T /ps@refangle 0.  def grestore  e...
Non-PDF special ignored!
<special> ps:tx@Dict begin  gsave STV CP T /ps@rot 0 def grestore  end
]

Package caption Warning: The option `hypcap=true' will be ignored for this
(caption)                particular \caption on input line 151.
See the caption package documentation for explanation.


Overfull \hbox (35.4864pt too wide) in paragraph at lines 134--151
[][] 
 []


LaTeX Font Warning: Font shape `T1/lmr/bx/sc' undefined
(Font)              using `T1/lmr/bx/n' instead on input line 151.

(/mnt/c/Users/Gabriel/Documents/Agregation/Dossier_Didactique_GLD/Dossier/./figures/SketchMarangoni.pdf_tex
<figures/SketchMarangoni.pdf, id=125, page=1, 269.1355pt x 158.35316pt>
File: figures/SketchMarangoni.pdf Graphic file (type pdf)
<use figures/SketchMarangoni.pdf, page 1>
Package pdftex.def Info: figures/SketchMarangoni.pdf , page1 used on input line 56.
(pdftex.def)             Requested size: 269.13548pt x 158.35759pt.
<figures/SketchMarangoni.pdf, id=126, page=2, 269.1355pt x 158.35316pt>
File: figures/SketchMarangoni.pdf Graphic file (type pdf)
<use figures/SketchMarangoni.pdf, page 2>
Package pdftex.def Info: figures/SketchMarangoni.pdf , page2 used on input line 59.
(pdftex.def)             Requested size: 269.13548pt x 158.35759pt.
)

Package caption Warning: The option `hypcap=true' will be ignored for this
(caption)                particular \caption on input line 162.
See the caption package documentation for explanation.


Overfull \hbox (22.18872pt too wide) in paragraph at lines 161--162
[][] 
 []

[2] [3 </mnt/c/Users/Gabriel/Documents/Agregation/Dossier_Didactique_GLD/Dossier/figures/SketchMarangoni.pdf> </mnt/c/Users/Gabriel/Documents/Agregation/Dossier_Didactique_GLD/Dossier/figures/SketchMarangoni.pdf

pdfTeX warning: pdflatex (file /mnt/c/Users/Gabriel/Documents/Agregation/Dossier_Didactique_GLD/Dossier/figures/SketchMarangoni.pdf): PDF inclusion: multiple pdfs with page group included in a single page
>] [4] (/mnt/c/Users/Gabriel/Documents/Agregation/Dossier_Didactique_GLD/Dossier/./figures/schema_injection_visualisation.pdf_tex
<figures/schema_injection_visualisation.pdf, id=180, page=1, 447.40477pt x 159.22752pt>
File: figures/schema_injection_visualisation.pdf Graphic file (type pdf)
<use figures/schema_injection_visualisation.pdf, page 1>
Package pdftex.def Info: figures/schema_injection_visualisation.pdf , page1 used on input line 58.
(pdftex.def)             Requested size: 447.40477pt x 159.23683pt.
<figures/schema_injection_visualisation.pdf, id=181, page=2, 447.40477pt x 159.22752pt>
File: figures/schema_injection_visualisation.pdf Graphic file (type pdf)
<use figures/schema_injection_visualisation.pdf, page 2>
Package pdftex.def Info: figures/schema_injection_visualisation.pdf , page2 used on input line 61.
(pdftex.def)             Requested size: 447.40477pt x 159.23683pt.
<figures/schema_injection_visualisation.pdf, id=182, page=3, 447.40477pt x 159.22752pt>
File: figures/schema_injection_visualisation.pdf Graphic file (type pdf)
<use figures/schema_injection_visualisation.pdf, page 3>
Package pdftex.def Info: figures/schema_injection_visualisation.pdf , page3 used on input line 65.
(pdftex.def)             Requested size: 447.40477pt x 159.23683pt.
<figures/schema_injection_visualisation.pdf, id=183, page=4, 447.40477pt x 159.22752pt>
File: figures/schema_injection_visualisation.pdf Graphic file (type pdf)
<use figures/schema_injection_visualisation.pdf, page 4>
Package pdftex.def Info: figures/schema_injection_visualisation.pdf , page4 used on input line 67.
(pdftex.def)             Requested size: 447.40477pt x 159.23683pt.
<figures/schema_injection_visualisation.pdf, id=184, page=5, 447.40477pt x 159.22752pt>
File: figures/schema_injection_visualisation.pdf Graphic file (type pdf)
<use figures/schema_injection_visualisation.pdf, page 5>
Package pdftex.def Info: figures/schema_injection_visualisation.pdf , page5 used on input line 69.
(pdftex.def)             Requested size: 447.40477pt x 159.23683pt.
<figures/schema_injection_visualisation.pdf, id=185, page=6, 447.40477pt x 159.22752pt>
File: figures/schema_injection_visualisation.pdf Graphic file (type pdf)
<use figures/schema_injection_visualisation.pdf, page 6>
Package pdftex.def Info: figures/schema_injection_visualisation.pdf , page6 used on input line 71.
(pdftex.def)             Requested size: 447.40477pt x 159.23683pt.
<figures/schema_injection_visualisation.pdf, id=186, page=7, 447.40477pt x 159.22752pt>
File: figures/schema_injection_visualisation.pdf Graphic file (type pdf)
<use figures/schema_injection_visualisation.pdf, page 7>
Package pdftex.def Info: figures/schema_injection_visualisation.pdf , page7 used on input line 73.
(pdftex.def)             Requested size: 447.40477pt x 159.23683pt.
<figures/schema_injection_visualisation.pdf, id=187, page=8, 447.40477pt x 159.22752pt>
File: figures/schema_injection_visualisation.pdf Graphic file (type pdf)
<use figures/schema_injection_visualisation.pdf, page 8>
Package pdftex.def Info: figures/schema_injection_visualisation.pdf , page8 used on input line 75.
(pdftex.def)             Requested size: 447.40477pt x 159.23683pt.
<figures/schema_injection_visualisation.pdf, id=188, page=9, 447.40477pt x 159.22752pt>
File: figures/schema_injection_visualisation.pdf Graphic file (type pdf)
<use figures/schema_injection_visualisation.pdf, page 9>
Package pdftex.def Info: figures/schema_injection_visualisation.pdf , page9 used on input line 79.
(pdftex.def)             Requested size: 447.40477pt x 159.23683pt.
) [5 </mnt/c/Users/Gabriel/Documents/Agregation/Dossier_Didactique_GLD/Dossier/figures/schema_injection_visualisation.pdf> </mnt/c/Users/Gabriel/Documents/Agregation/Dossier_Didactique_GLD/Dossier/figures/schema_injection_visualisation.pdf

pdfTeX warning: pdflatex (file /mnt/c/Users/Gabriel/Documents/Agregation/Dossier_Didactique_GLD/Dossier/figures/schema_injection_visualisation.pdf): PDF inclusion: multiple pdfs with page group included in a single page
> </mnt/c/Users/Gabriel/Documents/Agregation/Dossier_Didactique_GLD/Dossier/figures/schema_injection_visualisation.pdf

pdfTeX warning: pdflatex (file /mnt/c/Users/Gabriel/Documents/Agregation/Dossier_Didactique_GLD/Dossier/figures/schema_injection_visualisation.pdf): PDF inclusion: multiple pdfs with page group included in a single page
> </mnt/c/Users/Gabriel/Documents/Agregation/Dossier_Didactique_GLD/Dossier/figures/schema_injection_visualisation.pdf

pdfTeX warning: pdflatex (file /mnt/c/Users/Gabriel/Documents/Agregation/Dossier_Didactique_GLD/Dossier/figures/schema_injection_visualisation.pdf): PDF inclusion: multiple pdfs with page group included in a single page
> </mnt/c/Users/Gabriel/Documents/Agregation/Dossier_Didactique_GLD/Dossier/figures/schema_injection_visualisation.pdf

pdfTeX warning: pdflatex (file /mnt/c/Users/Gabriel/Documents/Agregation/Dossier_Didactique_GLD/Dossier/figures/schema_injection_visualisation.pdf): PDF inclusion: multiple pdfs with page group included in a single page
> </mnt/c/Users/Gabriel/Documents/Agregation/Dossier_Didactique_GLD/Dossier/figures/schema_injection_visualisation.pdf

pdfTeX warning: pdflatex (file /mnt/c/Users/Gabriel/Documents/Agregation/Dossier_Didactique_GLD/Dossier/figures/schema_injection_visualisation.pdf): PDF inclusion: multiple pdfs with page group included in a single page
> </mnt/c/Users/Gabriel/Documents/Agregation/Dossier_Didactique_GLD/Dossier/figures/schema_injection_visualisation.pdf

pdfTeX warning: pdflatex (file /mnt/c/Users/Gabriel/Documents/Agregation/Dossier_Didactique_GLD/Dossier/figures/schema_injection_visualisation.pdf): PDF inclusion: multiple pdfs with page group included in a single page
> </mnt/c/Users/Gabriel/Documents/Agregation/Dossier_Didactique_GLD/Dossier/figures/schema_injection_visualisation.pdf

pdfTeX warning: pdflatex (file /mnt/c/Users/Gabriel/Documents/Agregation/Dossier_Didactique_GLD/Dossier/figures/schema_injection_visualisation.pdf): PDF inclusion: multiple pdfs with page group included in a single page
> </mnt/c/Users/Gabriel/Documents/Agregation/Dossier_Didactique_GLD/Dossier/figures/schema_injection_visualisation.pdf

pdfTeX warning: pdflatex (file /mnt/c/Users/Gabriel/Documents/Agregation/Dossier_Didactique_GLD/Dossier/figures/schema_injection_visualisation.pdf): PDF inclusion: multiple pdfs with page group included in a single page
>] (/mnt/c/Users/Gabriel/Documents/Agregation/Dossier_Didactique_GLD/Dossier/./figures/DispositifPIV.pdf_tex
<figures/DispositifPIV.pdf, id=211, page=1, 351.3125pt x 250.9375pt>
File: figures/DispositifPIV.pdf Graphic file (type pdf)
<use figures/DispositifPIV.pdf, page 1>
Package pdftex.def Info: figures/DispositifPIV.pdf , page1 used on input line 56.
(pdftex.def)             Requested size: 351.3125pt x 250.95601pt.
<figures/DispositifPIV.pdf, id=212, page=2, 351.3125pt x 250.9375pt>
File: figures/DispositifPIV.pdf Graphic file (type pdf)
<use figures/DispositifPIV.pdf, page 2>
Package pdftex.def Info: figures/DispositifPIV.pdf , page2 used on input line 67.
(pdftex.def)             Requested size: 351.3125pt x 250.95601pt.
<figures/DispositifPIV.pdf, id=213, page=3, 351.3125pt x 250.9375pt>
File: figures/DispositifPIV.pdf Graphic file (type pdf)
<use figures/DispositifPIV.pdf, page 3>
Package pdftex.def Info: figures/DispositifPIV.pdf , page3 used on input line 69.
(pdftex.def)             Requested size: 351.3125pt x 250.95601pt.
)
Underfull \hbox (badness 4353) in paragraph at lines 362--363
\T1/lmr/m/n/10 sur-face, il faut me-su-rer le champ de
 []


Underfull \hbox (badness 2913) in paragraph at lines 362--363
\T1/lmr/m/n/10 vi-tesse dans un vo-lume, car l'mis-sion
 []


Underfull \hbox (badness 2486) in paragraph at lines 362--363
\T1/lmr/m/n/10 des tour-billons  la sur-face a lieu de
 []


Underfull \hbox (badness 1092) in paragraph at lines 362--363
\T1/lmr/m/n/10 vo-lume de li-quide en plu-sieurs en-droits.
 []


Underfull \hbox (badness 1248) in paragraph at lines 362--363
\T1/lmr/m/n/10 d-pla-cer la nappe la-ser trs ra-pi-de-ment
 []


Underfull \hbox (badness 2020) in paragraph at lines 364--365
[]\T1/lmr/m/n/10 Pour cette ex-p-rience, le choix des
 []


Underfull \hbox (badness 2818) in paragraph at lines 364--365
\T1/lmr/m/n/10 par-ti-cules est es-sen-tiel pour ob-te-nir la
 []

[6 </mnt/c/Users/Gabriel/Documents/Agregation/Dossier_Didactique_GLD/Dossier/figures/DispositifPIV.pdf> </mnt/c/Users/Gabriel/Documents/Agregation/Dossier_Didactique_GLD/Dossier/figures/DispositifPIV.pdf

pdfTeX warning: pdflatex (file /mnt/c/Users/Gabriel/Documents/Agregation/Dossier_Didactique_GLD/Dossier/figures/DispositifPIV.pdf): PDF inclusion: multiple pdfs with page group included in a single page
> </mnt/c/Users/Gabriel/Documents/Agregation/Dossier_Didactique_GLD/Dossier/figures/DispositifPIV.pdf

pdfTeX warning: pdflatex (file /mnt/c/Users/Gabriel/Documents/Agregation/Dossier_Didactique_GLD/Dossier/figures/DispositifPIV.pdf): PDF inclusion: multiple pdfs with page group included in a single page
>]
<./figures/Marangoni_flow_emulsion_Qa1p2mumolL_h7mm_h25mm.png, id=244, 251.06297pt x 251.06297pt>
File: ./figures/Marangoni_flow_emulsion_Qa1p2mumolL_h7mm_h25mm.png Graphic file (type png)
<use ./figures/Marangoni_flow_emulsion_Qa1p2mumolL_h7mm_h25mm.png>
Package pdftex.def Info: ./figures/Marangoni_flow_emulsion_Qa1p2mumolL_h7mm_h25mm.png  used on input line 407.
(pdftex.def)             Requested size: 150.63893pt x 150.63893pt.


Package caption Warning: The option `hypcap=true' will be ignored for this
(caption)                particular \caption on input line 408.
See the caption package documentation for explanation.

<./figures/lambda_dossierdidactique.png, id=245, 374.14781pt x 195.73125pt>
File: ./figures/lambda_dossierdidactique.png Graphic file (type png)
<use ./figures/lambda_dossierdidactique.png>
Package pdftex.def Info: ./figures/lambda_dossierdidactique.png  used on input line 412.
(pdftex.def)             Requested size: 243.19318pt x 127.22379pt.

Package caption Warning: The option `hypcap=true' will be ignored for this
(caption)                particular \caption on input line 413.
See the caption package documentation for explanation.

(/mnt/c/Users/Gabriel/Documents/Agregation/Dossier_Didactique_GLD/Dossier/./figures/Enroulement_stack_v2.pdf_tex
<figures/Enropulement_stack_v2.pdf, id=252, page=1, 351.3125pt x 200.75pt>
File: figures/Enropulement_stack_v2.pdf Graphic file (type pdf)
<use figures/Enropulement_stack_v2.pdf, page 1>
Package pdftex.def Info: figures/Enropulement_stack_v2.pdf , page1 used on input line 56.
(pdftex.def)             Requested size: 351.3125pt x 200.7648pt.
<figures/Enropulement_stack_v2.pdf, id=253, page=2, 351.3125pt x 200.75pt>
File: figures/Enropulement_stack_v2.pdf Graphic file (type pdf)
<use figures/Enropulement_stack_v2.pdf, page 2>
Package pdftex.def Info: figures/Enropulement_stack_v2.pdf , page2 used on input line 58.
(pdftex.def)             Requested size: 351.3125pt x 200.7648pt.
<figures/Enropulement_stack_v2.pdf, id=254, page=3, 351.3125pt x 200.75pt>
File: figures/Enropulement_stack_v2.pdf Graphic file (type pdf)
<use figures/Enropulement_stack_v2.pdf, page 3>
Package pdftex.def Info: figures/Enropulement_stack_v2.pdf , page3 used on input line 60.
(pdftex.def)             Requested size: 351.3125pt x 200.7648pt.
<figures/Enropulement_stack_v2.pdf, id=255, page=4, 351.3125pt x 200.75pt>
File: figures/Enropulement_stack_v2.pdf Graphic file (type pdf)
<use figures/Enropulement_stack_v2.pdf, page 4>
Package pdftex.def Info: figures/Enropulement_stack_v2.pdf , page4 used on input line 62.
(pdftex.def)             Requested size: 351.3125pt x 200.7648pt.
<figures/Enropulement_stack_v2.pdf, id=256, page=5, 351.3125pt x 200.75pt>
File: figures/Enropulement_stack_v2.pdf Graphic file (type pdf)
<use figures/Enropulement_stack_v2.pdf, page 5>
Package pdftex.def Info: figures/Enropulement_stack_v2.pdf , page5 used on input line 65.
(pdftex.def)             Requested size: 351.3125pt x 200.7648pt.
<figures/Enropulement_stack_v2.pdf, id=257, page=6, 351.3125pt x 200.75pt>
File: figures/Enropulement_stack_v2.pdf Graphic file (type pdf)
<use figures/Enropulement_stack_v2.pdf, page 6>
Package pdftex.def Info: figures/Enropulement_stack_v2.pdf , page6 used on input line 67.
(pdftex.def)             Requested size: 351.3125pt x 200.7648pt.
)

pdfTeX warning: pdflatex (file ./figures/rolling_vortex_velocity_vorticity_v2.pdf): PDF inclusion: found PDF version <1.7>, but at most version <1.5> allowed
<./figures/rolling_vortex_velocity_vorticity_v2.pdf, id=258, 426.93503pt x 270.47046pt>
File: ./figures/rolling_vortex_velocity_vorticity_v2.pdf Graphic file (type pdf)
<use ./figures/rolling_vortex_velocity_vorticity_v2.pdf>
Package pdftex.def Info: ./figures/rolling_vortex_velocity_vorticity_v2.pdf  used on input line 432.
(pdftex.def)             Requested size: 199.60895pt x 126.45667pt.


pdfTeX warning: pdflatex (file /mnt/c/Users/Gabriel/Documents/Agregation/Dossier_Didactique_GLD/Dossier/figures/Schema_enroulement_v2.pdf): PDF inclusion: found PDF version <1.7>, but at most version <1.5> allowed
<figures/Schema_enroulement_v2.pdf, id=259, 401.58029pt x 200.9106pt>
File: figures/Schema_enroulement_v2.pdf Graphic file (type pdf)
<use figures/Schema_enroulement_v2.pdf>
Package pdftex.def Info: figures/Schema_enroulement_v2.pdf  used on input line 441.
(pdftex.def)             Requested size: 310.50357pt x 155.34848pt.
[7 <./figures/Marangoni_flow_emulsion_Qa1p2mumolL_h7mm_h25mm.png> <./figures/lambda_dossierdidactique.png>] [8 </mnt/c/Users/Gabriel/Documents/Agregation/Dossier_Didactique_GLD/Dossier/figures/Enropulement_stack_v2.pdf> </mnt/c/Users/Gabriel/Documents/Agregation/Dossier_Didactique_GLD/Dossier/figures/Enropulement_stack_v2.pdf

pdfTeX warning: pdflatex (file /mnt/c/Users/Gabriel/Documents/Agregation/Dossier_Didactique_GLD/Dossier/figures/Enropulement_stack_v2.pdf): PDF inclusion: multiple pdfs with page group included in a single page
> </mnt/c/Users/Gabriel/Documents/Agregation/Dossier_Didactique_GLD/Dossier/figures/Enropulement_stack_v2.pdf

pdfTeX warning: pdflatex (file /mnt/c/Users/Gabriel/Documents/Agregation/Dossier_Didactique_GLD/Dossier/figures/Enropulement_stack_v2.pdf): PDF inclusion: multiple pdfs with page group included in a single page
> </mnt/c/Users/Gabriel/Documents/Agregation/Dossier_Didactique_GLD/Dossier/figures/Enropulement_stack_v2.pdf

pdfTeX warning: pdflatex (file /mnt/c/Users/Gabriel/Documents/Agregation/Dossier_Didactique_GLD/Dossier/figures/Enropulement_stack_v2.pdf): PDF inclusion: multiple pdfs with page group included in a single page
> </mnt/c/Users/Gabriel/Documents/Agregation/Dossier_Didactique_GLD/Dossier/figures/Enropulement_stack_v2.pdf

pdfTeX warning: pdflatex (file /mnt/c/Users/Gabriel/Documents/Agregation/Dossier_Didactique_GLD/Dossier/figures/Enropulement_stack_v2.pdf): PDF inclusion: multiple pdfs with page group included in a single page
> </mnt/c/Users/Gabriel/Documents/Agregation/Dossier_Didactique_GLD/Dossier/figures/Enropulement_stack_v2.pdf

pdfTeX warning: pdflatex (file /mnt/c/Users/Gabriel/Documents/Agregation/Dossier_Didactique_GLD/Dossier/figures/Enropulement_stack_v2.pdf): PDF inclusion: multiple pdfs with page group included in a single page
> <./figures/rolling_vortex_velocity_vorticity_v2.pdf> </mnt/c/Users/Gabriel/Documents/Agregation/Dossier_Didactique_GLD/Dossier/figures/Schema_enroulement_v2.pdf

pdfTeX warning: pdflatex (file /mnt/c/Users/Gabriel/Documents/Agregation/Dossier_Didactique_GLD/Dossier/figures/Schema_enroulement_v2.pdf): PDF inclusion: multiple pdfs with page group included in a single page
>] (/mnt/c/Users/Gabriel/Documents/Agregation/Dossier_Didactique_GLD/Dossier/./figures/sketchsoapboat.pdf_tex
<figures/sketchsoapboat.pdf, id=344, page=1, 381.425pt x 210.7875pt>
File: figures/sketchsoapboat.pdf Graphic file (type pdf)
<use figures/sketchsoapboat.pdf, page 1>
Package pdftex.def Info: figures/sketchsoapboat.pdf , page1 used on input line 57.
(pdftex.def)             Requested size: 381.42499pt x 210.79663pt.
<figures/sketchsoapboat.pdf, id=345, page=2, 381.425pt x 210.7875pt>
File: figures/sketchsoapboat.pdf Graphic file (type pdf)
<use figures/sketchsoapboat.pdf, page 2>
Package pdftex.def Info: figures/sketchsoapboat.pdf , page2 used on input line 59.
(pdftex.def)             Requested size: 381.42499pt x 210.79663pt.
<figures/sketchsoapboat.pdf, id=346, page=3, 381.425pt x 210.7875pt>
File: figures/sketchsoapboat.pdf Graphic file (type pdf)
<use figures/sketchsoapboat.pdf, page 3>
Package pdftex.def Info: figures/sketchsoapboat.pdf , page3 used on input line 66.
(pdftex.def)             Requested size: 381.42499pt x 210.79663pt.
<figures/sketchsoapboat.pdf, id=347, page=4, 381.425pt x 210.7875pt>
File: figures/sketchsoapboat.pdf Graphic file (type pdf)
<use figures/sketchsoapboat.pdf, page 4>
Package pdftex.def Info: figures/sketchsoapboat.pdf , page4 used on input line 68.
(pdftex.def)             Requested size: 381.42499pt x 210.79663pt.
<figures/sketchsoapboat.pdf, id=348, page=5, 381.425pt x 210.7875pt>
File: figures/sketchsoapboat.pdf Graphic file (type pdf)
<use figures/sketchsoapboat.pdf, page 5>
Package pdftex.def Info: figures/sketchsoapboat.pdf , page5 used on input line 72.
(pdftex.def)             Requested size: 381.42499pt x 210.79663pt.
<figures/sketchsoapboat.pdf, id=349, page=6, 381.425pt x 210.7875pt>
File: figures/sketchsoapboat.pdf Graphic file (type pdf)
<use figures/sketchsoapboat.pdf, page 6>
Package pdftex.def Info: figures/sketchsoapboat.pdf , page6 used on input line 77.
(pdftex.def)             Requested size: 381.42499pt x 210.79663pt.
<figures/sketchsoapboat.pdf, id=350, page=7, 381.425pt x 210.7875pt>
File: figures/sketchsoapboat.pdf Graphic file (type pdf)
<use figures/sketchsoapboat.pdf, page 7>
Package pdftex.def Info: figures/sketchsoapboat.pdf , page7 used on input line 81.
(pdftex.def)             Requested size: 381.42499pt x 210.79663pt.
)
Underfull \hbox (badness 1609) in paragraph at lines 637--638
[]\T1/lmr/m/n/10 L'talement des ten-sio-ac-tifs so-lubles sur
 []


Underfull \hbox (badness 1845) in paragraph at lines 637--638
\T1/lmr/m/n/10 car les ten-sio-ac-tifs peuvent dsor-ber et
 []


Underfull \hbox (badness 4713) in paragraph at lines 637--638
\T1/lmr/m/n/10 s'ad-sor-ber  l'in-ter-face en plus d'tre
 []


Overfull \hbox (15.43457pt too wide) in paragraph at lines 657--665
 [][] 
 []



pdfTeX warning: pdflatex (file ./figures/SchemaModeleBateau.pdf): PDF inclusion: found PDF version <1.7>, but at most version <1.5> allowed
<./figures/SchemaModeleBateau.pdf, id=355, 213.91919pt x 120.45pt>
File: ./figures/SchemaModeleBateau.pdf Graphic file (type pdf)
<use ./figures/SchemaModeleBateau.pdf>
Package pdftex.def Info: ./figures/SchemaModeleBateau.pdf  used on input line 674.
(pdftex.def)             Requested size: 139.72565pt x 78.67752pt.
<figures/Cuvefleurie.png, id=356, 245.9589pt x 123.5817pt>
File: figures/Cuvefleurie.png Graphic file (type png)
<use figures/Cuvefleurie.png>
Package pdftex.def Info: figures/Cuvefleurie.png  used on input line 681.
(pdftex.def)             Requested size: 139.72565pt x 70.20468pt.
<figures/SuiviBateau.png, id=357, 200.6697pt x 181.8795pt>
File: figures/SuiviBateau.png Graphic file (type png)
<use figures/SuiviBateau.png>
Package pdftex.def Info: figures/SuiviBateau.png  used on input line 687.
(pdftex.def)             Requested size: 139.72565pt x 126.64871pt.
<figures/vitesse_t.png, id=358, 192.9609pt x 183.5658pt>
File: figures/vitesse_t.png Graphic file (type png)
<use figures/vitesse_t.png>
Package pdftex.def Info: figures/vitesse_t.png  used on input line 693.
(pdftex.def)             Requested size: 139.72565pt x 132.92633pt.
LaTeX Font Info:    External font `lmex10' loaded for size
(Font)              <9> on input line 694.
LaTeX Font Info:    External font `lmex10' loaded for size
(Font)              <6> on input line 694.
[9 </mnt/c/Users/Gabriel/Documents/Agregation/Dossier_Didactique_GLD/Dossier/figures/sketchsoapboat.pdf> </mnt/c/Users/Gabriel/Documents/Agregation/Dossier_Didactique_GLD/Dossier/figures/sketchsoapboat.pdf

pdfTeX warning: pdflatex (file /mnt/c/Users/Gabriel/Documents/Agregation/Dossier_Didactique_GLD/Dossier/figures/sketchsoapboat.pdf): PDF inclusion: multiple pdfs with page group included in a single page
> </mnt/c/Users/Gabriel/Documents/Agregation/Dossier_Didactique_GLD/Dossier/figures/sketchsoapboat.pdf

pdfTeX warning: pdflatex (file /mnt/c/Users/Gabriel/Documents/Agregation/Dossier_Didactique_GLD/Dossier/figures/sketchsoapboat.pdf): PDF inclusion: multiple pdfs with page group included in a single page
> </mnt/c/Users/Gabriel/Documents/Agregation/Dossier_Didactique_GLD/Dossier/figures/sketchsoapboat.pdf

pdfTeX warning: pdflatex (file /mnt/c/Users/Gabriel/Documents/Agregation/Dossier_Didactique_GLD/Dossier/figures/sketchsoapboat.pdf): PDF inclusion: multiple pdfs with page group included in a single page
> </mnt/c/Users/Gabriel/Documents/Agregation/Dossier_Didactique_GLD/Dossier/figures/sketchsoapboat.pdf

pdfTeX warning: pdflatex (file /mnt/c/Users/Gabriel/Documents/Agregation/Dossier_Didactique_GLD/Dossier/figures/sketchsoapboat.pdf): PDF inclusion: multiple pdfs with page group included in a single page
> </mnt/c/Users/Gabriel/Documents/Agregation/Dossier_Didactique_GLD/Dossier/figures/sketchsoapboat.pdf

pdfTeX warning: pdflatex (file /mnt/c/Users/Gabriel/Documents/Agregation/Dossier_Didactique_GLD/Dossier/figures/sketchsoapboat.pdf): PDF inclusion: multiple pdfs with page group included in a single page
> </mnt/c/Users/Gabriel/Documents/Agregation/Dossier_Didactique_GLD/Dossier/figures/sketchsoapboat.pdf

pdfTeX warning: pdflatex (file /mnt/c/Users/Gabriel/Documents/Agregation/Dossier_Didactique_GLD/Dossier/figures/sketchsoapboat.pdf): PDF inclusion: multiple pdfs with page group included in a single page
>] [10 <./figures/SchemaModeleBateau.pdf> </mnt/c/Users/Gabriel/Documents/Agregation/Dossier_Didactique_GLD/Dossier/figures/Cuvefleurie.png> </mnt/c/Users/Gabriel/Documents/Agregation/Dossier_Didactique_GLD/Dossier/figures/SuiviBateau.png> </mnt/c/Users/Gabriel/Documents/Agregation/Dossier_Didactique_GLD/Dossier/figures/vitesse_t.png>]
<figures/V0C.png, id=411, 263.48438pt x 243.15843pt>
File: figures/V0C.png Graphic file (type png)
<use figures/V0C.png>
Package pdftex.def Info: figures/V0C.png  used on input line 766.
(pdftex.def)             Requested size: 177.42868pt x 163.7501pt.

Underfull \hbox (badness 1496) in paragraph at lines 778--779
[]\T1/lmr/m/n/10 Cette re-la-tion ajuste bien le don-nes ex-p-ri-
 []

[11 </mnt/c/Users/Gabriel/Documents/Agregation/Dossier_Didactique_GLD/Dossier/figures/V0C.png>] [12]
Package atveryend Info: Empty hook `BeforeClearDocument' on input line 1216.
Package atveryend Info: Empty hook `AfterLastShipout' on input line 1216.
 (/mnt/c/Users/Gabriel/Documents/Agregation/Dossier_Didactique_GLD/Dossier/Dossier_De_Recherche_GLD.aux)
Package atveryend Info: Executing hook `AtVeryEndDocument' on input line 1216.
Package atveryend Info: Executing hook `AtEndAfterFileList' on input line 1216.
Package rerunfilecheck Info: File `Dossier_De_Recherche_GLD.out' has not changed.
(rerunfilecheck)             Checksum: C6B1420371D28873F3AA3ADD25848E64;1307.


LaTeX Font Warning: Some font shapes were not available, defaults substituted.

 ) 
Here is how much of TeX's memory you used:
 47147 strings out of 481239
 1077760 string characters out of 5920378
 1661100 words of memory out of 5000000
 61372 multiletter control sequences out of 15000+600000
 641349 words of font info for 99 fonts, out of 8000000 for 9000
 1141 hyphenation exceptions out of 8191
 70i,33n,100p,2319b,792s stack positions out of 5000i,500n,10000p,200000b,80000s
{/usr/share/texmf/fonts/enc/dvips/lm/lm-mathit.enc}{/usr/share/texmf/fonts/enc/dvips/lm/lm-rm.enc}{/usr/share/texmf/fonts/enc/dvips/lm/lm-mathsy.enc}{/usr/share/texmf/fonts/enc/dvips/lm/lm-ec.enc}{/usr/share/texmf/fonts/enc/dvips/lm/lm-mathex.enc}</usr/share/texlive/texmf-dist/fonts/type1/public/amsfonts/euler/eurm10.pfb></usr/share/texmf/fonts/type1/public/lm/lmbx10.pfb></usr/share/texmf/fonts/type1/public/lm/lmbx12.pfb></usr/share/texmf/fonts/type1/public/lm/lmbx9.pfb></usr/share/texmf/fonts/type1/public/lm/lmcsc10.pfb></usr/share/texmf/fonts/type1/public/lm/lmcsco10.pfb></usr/share/texmf/fonts/type1/public/lm/lmex10.pfb></usr/share/texmf/fonts/type1/public/lm/lmmi10.pfb></usr/share/texmf/fonts/type1/public/lm/lmmi5.pfb></usr/share/texmf/fonts/type1/public/lm/lmmi7.pfb></usr/share/texmf/fonts/type1/public/lm/lmmi9.pfb></usr/share/texmf/fonts/type1/public/lm/lmr10.pfb></usr/share/texmf/fonts/type1/public/lm/lmr12.pfb></usr/share/texmf/fonts/type1/public/lm/lmr5.pfb></usr/share/texmf/fonts/type1/public/lm/lmr6.pfb></usr/share/texmf/fonts/type1/public/lm/lmr7.pfb></usr/share/texmf/fonts/type1/public/lm/lmr8.pfb></usr/share/texmf/fonts/type1/public/lm/lmr9.pfb></usr/share/texmf/fonts/type1/public/lm/lmri10.pfb></usr/share/texmf/fonts/type1/public/lm/lmss10.pfb></usr/share/texmf/fonts/type1/public/lm/lmsy10.pfb></usr/share/texmf/fonts/type1/public/lm/lmsy5.pfb></usr/share/texmf/fonts/type1/public/lm/lmsy6.pfb></usr/share/texmf/fonts/type1/public/lm/lmsy7.pfb></usr/share/texmf/fonts/type1/public/lm/lmsy9.pfb></usr/share/texlive/texmf-dist/fonts/type1/public/esvect/vect10.pfb>
Output written on /mnt/c/Users/Gabriel/Documents/Agregation/Dossier_Didactique_GLD/Dossier/Dossier_De_Recherche_GLD.pdf (12 pages, 6808484 bytes).
PDF statistics:
 530 PDF objects out of 1000 (max. 8388607)
 389 compressed objects within 4 object streams
 57 named destinations out of 1000 (max. 500000)
 473 words of extra memory for PDF output out of 10000 (max. 10000000)

